#
# A fatal error has been detected by the Java Runtime Environment:
#
#  EXCEPTION_ACCESS_VIOLATION (0xc0000005) at pc=0x00007ffe621cfd87, pid=3796, tid=1852
#
# JRE version: OpenJDK Runtime Environment Temurin-17.0.5+8 (17.0.5+8) (build 17.0.5+8)
# Java VM: OpenJDK 64-Bit Server VM Temurin-17.0.5+8 (17.0.5+8, mixed mode, sharing, tiered, compressed oops, compressed class ptrs, g1 gc, windows-amd64)
# Problematic frame:
# C  [ntdll.dll+0x3fd87]
#
# No core dump will be written. Minidumps are not enabled by default on client versions of Windows
#
# If you would like to submit a bug report, please visit:
#   https://github.com/adoptium/adoptium-support/issues
# The crash happened outside the Java Virtual Machine in native code.
# See problematic frame for where to report the bug.
#

---------------  S U M M A R Y ------------

Command Line: -XX:+ShowCodeDetailsInExceptionMessages main.Main

Host: Intel(R) Core(TM) i5-10400F CPU @ 2.90GHz, 12 cores, 15G,  Windows 11 , 64 bit Build 25227 (10.0.25227.1000)
Time: Sat Oct 29 12:02:20 2022 Paris, Madrid (heure duild 25227 (10.0.25227.1000) elapsed time: 49.823650 seconds (0d 0h 0m 49s)

---------------  T H R E A D  ---------------

Current thread (0x000002138b7b8940):  JavaThread "Thread-0" [_thread_in_native, id=1852, stack(0x000000fac6d00000,0x000000fac6e00000)]

Stack: [0x000000fac6d00000,0x000000fac6e00000],  sp=0x000000fac6dfd910,  free space=1014k
Native frames: (J=compiled Java code, j=interpreted, Vv=VM code, C=native code)
C  [ntdll.dll+0x3fd87]
C  [ntdll.dll+0x3cf74]
C  [ntdll.dll+0xa571e]
C  [ntdll.dll+0x17305]
C  [ntdll.dll+0x31cdc]
C  [ntdll.dll+0x31a41]
C  0x00007ffe501cfaa6

Java frames: (J=compiled Java code, j=interpreted, Vv=VM code)
j  sun.java2d.d3d.D3DSurfaceData.initOps(III)V+0 java.desktop@17.0.5
j  sun.java2d.d3d.D3DSurfaceData.<init>(Lsun/awt/windows/WComponentPeer;Lsun/java2d/d3d/D3DGraphicsConfig;IILjava/awt/Image;Ljava/awt/image/ColorModel;IILsun/java2d/pipe/hw/ExtendedBufferCapabilities$VSyncType;I)V+212 java.desktop@17.0.5
j  sun.java2d.d3d.D3DSurfaceData.createData(Lsun/java2d/d3d/D3DGraphicsConfig;IILjava/awt/image/ColorModel;Ljava/awt/Image;I)Lsun/java2d/d3d/D3DSurfaceData;+70 java.desktop@17.0.5
j  sun.java2d.d3d.D3DGraphicsConfig.createManagedSurface(III)Lsun/java2d/SurfaceData;+10 java.desktop@17.0.5
j  sun.java2d.d3d.D3DSurfaceDataProxy.validateSurfaceData(Lsun/java2d/SurfaceData;Lsun/java2d/SurfaceData;II)Lsun/java2d/SurfaceData;+22 java.desktop@17.0.5
J 1835 c1 sun.java2d.SurfaceDataProxy.replaceData(Lsun/java2d/SurfaceData;ILsun/java2d/loops/CompositeType;Ljava/awt/Color;)Lsun/java2d/SurfaceData; java.desktop@17.0.5 (329 bytes) @ 0x00000213e7ca4f2c [0x00000213e7ca46c0+0x000000000000086c]
J 1585 c2 sun.java2d.SurfaceData.getSourceSurfaceData(Ljava/awt/Image;ILsun/java2d/loops/CompositeType;Ljava/awt/Color;)Lsun/java2d/SurfaceData; java.desktop@17.0.5 (110 bytes) @ 0x00000213eef631a4 [0x00000213eef63040+0x0000000000000164]
J 1466 c1 sun.java2d.pipe.DrawImage.renderImageCopy(Lsun/java2d/SunGraphics2D;Ljava/awt/Image;Ljava/awt/Color;IIIIII)Z java.desktop@17.0.5 (128 bytes) @ 0x00000213e7bdcbac [0x00000213e7bdc960+0x000000000000024c]
J 1834 c1 sun.java2d.pipe.DrawImage.copyImage(Lsun/java2d/SunGraphics2D;Ljava/awt/Image;IIIIIILjava/awt/Color;)Z java.desktop@17.0.5 (74 bytes) @ 0x00000213e7ca3ffc [0x00000213e7ca3d60+0x000000000000029c]
J 1622 c1 sun.java2d.pipe.DrawImage.copyImage(Lsun/java2d/SunGraphics2D;Ljava/awt/Image;IIIIIILjava/awt/Color;Ljava/awt/image/ImageObserver;)Z java.desktop@17.0.5 (91 bytes) @ 0x00000213e7c4276c [0x00000213e7c42200+0x000000000000056c]
J 1621 c1 sun.java2d.pipe.ValidatePipe.copyImage(Lsun/java2d/SunGraphics2D;Ljava/awt/Image;IIIIIILjava/awt/Color;Ljava/awt/image/ImageObserver;)Z java.desktop@17.0.5 (37 bytes) @ 0x00000213e7c41bc4 [0x00000213e7c41880+0x0000000000000344]
J 1626 c1 sun.java2d.SunGraphics2D.copyImage(Ljava/awt/Image;IIIIIILjava/awt/Color;Ljava/awt/image/ImageObserver;)Z java.desktop@17.0.5 (107 bytes) @ 0x00000213e7c437dc [0x00000213e7c43640+0x000000000000019c]
J 1218 c1 sun.java2d.SunGraphics2D.drawImage(Ljava/awt/Image;IIIILjava/awt/Color;Ljava/awt/image/ImageObserver;)Z java.desktop@17.0.5 (202 bytes) @ 0x00000213e7b63ba4 [0x00000213e7b63320+0x0000000000000884]
J 1217 c1 sun.java2d.SunGraphics2D.drawImage(Ljava/awt/Image;IIIILjava/awt/image/ImageObserver;)Z java.desktop@17.0.5 (15 bytes) @ 0x00000213e7b62f24 [0x00000213e7b62ea0+0x0000000000000084]
J 1620 c1 main.GamePanel.drawToScreen()V (30 bytes) @ 0x00000213e7c4133c [0x00000213e7c411e0+0x000000000000015c]
J 1389% c2 main.GamePanel.run()V (104 bytes) @ 0x00000213eef307fc [0x00000213eef30760+0x000000000000009c]
j  java.lang.Thread.run()V+11 java.base@17.0.5
v  ~StubRoutines::call_stub

siginfo: EXCEPTION_ACCESS_VIOLATION (0xc0000005), reading address 0x00007ffe5035aeb8


Register to memory mapping:

RIP=0x00007ffe621cfd87 ntdll.dll
RAX=0x00000000000027ae is an unknown value
RBX=0x000000000000faa6 is an unknown value
RCX=0x0000000000009ec4 is an unknown value
RDX=0x0000000000000d3b is an unknown value
RSP=0x000000fac6dfd910 is pointing into the stack for thread: 0x000002138b7b8940
RBP=0x0 is NULL
RSI=0x000000fac6dfdf90 is pointing into the stack for thread: 0x000002138b7b8940
RDI=0x00007ffe50351000 is an unknown value
R8 =0x000000000000001b is an unknown value
R9 =0x000000000000001b is an unknown value
R10=0xffffffffffffffff is an unknown value
R11=0x00007ffe6231a130 ntdll.dll
R12=0x00007ffe501cfaa6 is an unknown value
R13=0x000000fac6dfd9c0 is pointing into the stack for thread: 0x000002138b7b8940
R14=0x000000fac6dfdef8 is pointing into the stack for thread: 0x000002138b7b8940
R15=0x0 is NULL


Registers:
RAX=0x00000000000027ae, RBX=0x000000000000faa6, RCX=0x0000000000009ec4, RDX=0x0000000000000d3b
RSP=0x000000fac6dfd910, RBP=0x0000000000000000, RSI=0x000000fac6dfdf90, RDI=0x00007ffe50351000
R8 =0x000000000000001b, R9 =0x000000000000001b, R10=0xffffffffffffffff, R11=0x00007ffe6231a130
R12=0x00007ffe501cfaa6, R13=0x000000fac6dfd9c0, R14=0x000000fac6dfdef8, R15=0x0000000000000000
RIP=0x00007ffe621cfd87, EFLAGS=0x0000000000010206

Top of Stack: (sp=0x000000fac6dfd910)
0x000000fac6dfd910:   00007ffe501cfaa6 0000000000000000
0x000000fac6dfd920:   00007ffe50351000 00007ffe621cd225
0x000000fac6dfd930:   00007ffe50351000 00007ffe501c0000
0x000000fac6dfd940:   00009ec4001a0000 00007ffe62190000
0x000000fac6dfd950:   000000fac6dfe0c0 00007ffe621ccf74
0x000000fac6dfd960:   000000fac6dfdec0 0000000000000000
0x000000fac6dfd970:   0000000000000000 000000fac6dfe5b0
0x000000fac6dfd980:   000000fac6dfd9c0 0000000000000000
0x000000fac6dfd990:   000000fac6dfdee0 000000fac6dfded0
0x000000fac6dfd9a0:   000000fac6dfded8 000000fac6dfdf70
0x000000fac6dfd9b0:   000000fa00000000 00007ffe16cd9a0e
0x000000fac6dfd9c0:   000000fac6dfda80 00007ffe17169b55
0x000000fac6dfd9d0:   000000fac6dfdab0 000000fac6dfed90
0x000000fac6dfd9e0:   000000fac6dfdab0 0000000000000001
0x000000fac6dfd9f0:   00001fa20010000f 00007ffe16cd0033
0x000000fac6dfda00:   00010213002bed90 000000fac6dfda80 

Instructions: (pc=0x00007ffe621cfd87)
0x00007ffe621cfc87:   00 71 62 50 34 55 bf e5 cf 48 89 5c 24 18 48 89
0x00007ffe621cfc97:   74 24 20 41 56 48 83 ec 40 49 8b f0 4c 8b f2 48
0x00007ffe621cfca7:   8b d9 4d 85 c0 74 79 41 80 78 07 00 4c 8d 1d 76
0x00007ffe621cfcb7:   e7 15 00 0f 85 8e 02 00 00 41 80 78 06 00 74 60
0x00007ffe621cfcc7:   48 3b 1d 6a e7 15 00 0f 83 07 02 00 00 48 3b 5e
0x00007ffe621cfcd7:   08 72 4d 48 3b 5e 10 73 47 44 0f b6 56 04 44 8b
0x00007ffe621cfce7:   0e 41 8b d2 45 3b d1 73 37 8b ca 8b c2 48 03 c0
0x00007ffe621cfcf7:   4c 8b 44 c6 18 48 8d 41 02 48 03 c0 48 8b 0c c6
0x00007ffe621cfd07:   8b 01 49 03 c0 48 3b d8 72 0f 8b 41 04 49 03 c0
0x00007ffe621cfd17:   48 3b d8 0f 82 91 01 00 00 ff c2 41 3b d1 72 c9
0x00007ffe621cfd27:   48 8b 0d fa e7 15 00 48 89 6c 24 50 48 89 7c 24
0x00007ffe621cfd37:   58 48 3b d9 0f 83 e4 00 00 00 48 8d 54 24 20 48
0x00007ffe621cfd47:   8b cb e8 82 02 00 00 48 8b f8 48 85 ff 0f 84 48
0x00007ffe621cfd57:   02 00 00 48 8b 4c 24 28 48 b8 ab aa aa aa aa aa
0x00007ffe621cfd67:   aa aa 49 89 0e 33 ed 8b 4c 24 34 48 f7 e1 48 c1
0x00007ffe621cfd77:   ea 03 85 d2 74 5c 49 2b 1e 8d 42 ff 48 8d 04 40
0x00007ffe621cfd87:   44 8b 1c 87 4c 8d 14 87 49 3b db 73 31 44 8d 42
0x00007ffe621cfd97:   fe 44 8b cd 45 85 c0 78 25 43 8d 04 08 d1 f8 48
0x00007ffe621cfda7:   63 c8 48 8d 14 49 4c 8d 14 97 8b 14 97 48 3b da
0x00007ffe621cfdb7:   73 5a 44 8d 40 ff 44 8b da 45 3b c1 7d db 41 8b
0x00007ffe621cfdc7:   c3 48 3b d8 72 0c 41 8b 42 04 48 3b d8 73 03 49
0x00007ffe621cfdd7:   8b ea 48 8b 7c 24 58 48 85 ed 74 05 48 85 f6 75
0x00007ffe621cfde7:   73 48 8b c5 48 85 ed 74 0c 8b 4d 08 f6 c1 01 0f
0x00007ffe621cfdf7:   85 b9 01 00 00 48 8b 6c 24 50 48 8b 5c 24 60 48
0x00007ffe621cfe07:   8b 74 24 68 48 83 c4 40 41 5e c3 cc 41 8b 4a 0c
0x00007ffe621cfe17:   44 8b da 48 3b d9 72 a6 44 8d 48 01 eb 98 8b 05
0x00007ffe621cfe27:   05 e7 15 00 48 03 c1 48 3b d8 0f 83 0a ff ff ff
0x00007ffe621cfe37:   0f 28 0d e2 e6 15 00 f2 0f 10 05 ea e6 15 00 66
0x00007ffe621cfe47:   48 0f 7e cf 0f 11 4c 24 20 f2 0f 11 44 24 30 e9
0x00007ffe621cfe57:   f6 fe ff ff 80 7e 06 00 75 87 8b 0e 83 f9 0c 73
0x00007ffe621cfe67:   80 8d 41 01 8b d1 89 06 48 03 c9 49 8b 06 48 89
0x00007ffe621cfe77:   44 ce 18 48 8d 42 02 48 03 c0 48 89 2c c6 8b 55 


Stack slot to memory mapping:
stack at sp + 0 slots: 0x00007ffe501cfaa6 is an unknown value
stack at sp + 1 slots: 0x0 is NULL
stack at sp + 2 slots: 0x00007ffe50351000 is an unknown value
stack at sp + 3 slots: 0x00007ffe621cd225 ntdll.dll
stack at sp + 4 slots: 0x00007ffe50351000 is an unknown value
stack at sp + 5 slots: 0x00007ffe501c0000 is an unknown value
stack at sp + 6 slots: 0x00009ec4001a0000 is an unknown value
stack at sp + 7 slots: 0x00007ffe62190000 ntdll.dll


---------------  P R O C E S S  ---------------

Threads class SMR info:
_java_thread_list=0x000002138b412da0, length=84, elements={
0x00000213826e8470, 0x00000213826e9020, 0x0000021382700060, 0x0000021382702b20,
0x00000213827034d0, 0x0000021382703e80, 0x0000021382708110, 0x0000021382711ae0,
0x00000213827143f0, 0x0000021382e20220, 0x0000021382e44f20, 0x000002138307df10,
0x00000213830814b0, 0x00000213842ccc10, 0x000002138b7b8940, 0x000002138bbe7d00,
0x000002138bbe86a0, 0x000002138bbe81d0, 0x000002138bbe6020, 0x000002138bbe99e0,
0x000002138bbe69c0, 0x000002138bbe64f0, 0x000002138bbe6e90, 0x000002138bbe7830,
0x000002138bbe7360, 0x00000213844b3250, 0x00000213844b5da0, 0x00000213844afd60,
0x00000213844b0bd0, 0x00000213844b3720, 0x00000213844b1f10, 0x00000213844b2d80,
0x00000213844b6270, 0x00000213844b10a0, 0x00000213844b3bf0, 0x00000213844b28b0,
0x00000213844b23e0, 0x00000213844b1570, 0x00000213844b6740, 0x00000213844b40c0,
0x00000213844b4590, 0x00000213844b75b0, 0x00000213844b4a60, 0x00000213844b70e0,
0x00000213844b4f30, 0x00000213844b1a40, 0x00000213844b6c10, 0x00000213844b5400,
0x00000213844b58d0, 0x00000213844b0230, 0x00000213844b0700, 0x000002138b683290,
0x000002138b67e0c0, 0x000002138b67f8d0, 0x000002138b680270, 0x000002138b682420,
0x000002138b67ea60, 0x000002138b683760, 0x000002138b683c30, 0x000002138b67c3e0,
0x000002138b67d720, 0x000002138b680c10, 0x000002138b67c8b0, 0x000002138b67cd80,
0x000002138b67e590, 0x000002138b67d250, 0x000002138b680740, 0x000002138b6810e0,
0x000002138b6815b0, 0x000002138b67dbf0, 0x000002138b67fda0, 0x000002138b67ef30,
0x000002138b67f400, 0x000002138b681a80, 0x000002138b681f50, 0x000002138b6828f0,
0x00000213843a6160, 0x00000213843a4950, 0x00000213843a87e0, 0x00000213843a9180,
0x00000213843a4480, 0x00000213843a22d0, 0x00000213843a7970, 0x00000213843a6fd0
}

Java Threads: ( => current thread )
  0x00000213826e8470 JavaThread "Reference Handler" daemon [_thread_blocked, id=15512, stack(0x000000fac5000000,0x000000fac5100000)]
  0x00000213826e9020 JavaThread "Finalizer" daemon [_thread_blocked, id=13736, stack(0x000000fac5100000,0x000000fac5200000)]
  0x0000021382700060 JavaThread "Signal Dispatcher" daemon [_thread_blocked, id=7656, stack(0x000000fac5200000,0x000000fac5300000)]
  0x0000021382702b20 JavaThread "Attach Listener" daemon [_thread_blocked, id=9200, stack(0x000000fac5300000,0x000000fac5400000)]
  0x00000213827034d0 JavaThread "Service Thread" daemon [_thread_blocked, id=6180, stack(0x000000fac5400000,0x000000fac5500000)]
  0x0000021382703e80 JavaThread "Monitor Deflation Thread" daemon [_thread_blocked, id=12516, stack(0x000000fac5500000,0x000000fac5600000)]
  0x0000021382708110 JavaThread "C2 CompilerThread0" daemon [_thread_blocked, id=13468, stack(0x000000fac5600000,0x000000fac5700000)]
  0x0000021382711ae0 JavaThread "C1 CompilerThread0" daemon [_thread_blocked, id=15908, stack(0x000000fac5700000,0x000000fac5800000)]
  0x00000213827143f0 JavaThread "Sweeper thread" daemon [_thread_blocked, id=20108, stack(0x000000fac5800000,0x000000fac5900000)]
  0x0000021382e20220 JavaThread "Notification Thread" daemon [_thread_blocked, id=21124, stack(0x000000fac5900000,0x000000fac5a00000)]
  0x0000021382e44f20 JavaThread "Common-Cleaner" daemon [_thread_blocked, id=16904, stack(0x000000fac5b00000,0x000000fac5c00000)]
  0x000002138307df10 JavaThread "Java2D Disposer" daemon [_thread_blocked, id=10720, stack(0x000000fac5c00000,0x000000fac5d00000)]
  0x00000213830814b0 JavaThread "AWT-Shutdown" [_thread_blocked, id=19064, stack(0x000000fac5d00000,0x000000fac5e00000)]
  0x00000213842ccc10 JavaThread "AWT-EventQueue-0" [_thread_blocked, id=7712, stack(0x000000fac6100000,0x000000fac6200000)]
=>0x000002138b7b8940 JavaThread "Thread-0" [_thread_in_native, id=1852, stack(0x000000fac6d00000,0x000000fac6e00000)]
  0x000002138bbe7d00 JavaThread "DestroyJavaVM" [_thread_blocked, id=19356, stack(0x000000fac4900000,0x000000fac4a00000)]
  0x000002138bbe86a0 JavaThread "Java Sound Event Dispatcher" daemon [_thread_blocked, id=17148, stack(0x000000fac7260000,0x000000fac7360000)]
  0x000002138bbe81d0 JavaThread "Direct Clip" daemon [_thread_blocked, id=3696, stack(0x000000fac7660000,0x000000fac7760000)]
  0x000002138bbe6020 JavaThread "Direct Clip" daemon [_thread_blocked, id=13720, stack(0x000000fac7060000,0x000000fac7160000)]
  0x000002138bbe99e0 JavaThread "Direct Clip" daemon [_thread_blocked, id=4464, stack(0x000000fac7160000,0x000000fac7260000)]
  0x000002138bbe69c0 JavaThread "Direct Clip" daemon [_thread_blocked, id=18232, stack(0x000000fac7960000,0x000000fac7a60000)]
  0x000002138bbe64f0 JavaThread "Direct Clip" daemon [_thread_blocked, id=15724, stack(0x000000fac7a60000,0x000000fac7b60000)]
  0x000002138bbe6e90 JavaThread "Direct Clip" daemon [_thread_blocked, id=20736, stack(0x000000fac7b60000,0x000000fac7c60000)]
  0x000002138bbe7830 JavaThread "Direct Clip" daemon [_thread_blocked, id=16560, stack(0x000000fac7c60000,0x000000fac7d60000)]
  0x000002138bbe7360 JavaThread "Direct Clip" daemon [_thread_blocked, id=11956, stack(0x000000fac7d60000,0x000000fac7e60000)]
  0x00000213844b3250 JavaThread "Direct Clip" daemon [_thread_blocked, id=18620, stack(0x000000fac7e60000,0x000000fac7f60000)]
  0x00000213844b5da0 JavaThread "Direct Clip" daemon [_thread_blocked, id=17632, stack(0x000000fac7f60000,0x000000fac8060000)]
  0x00000213844afd60 JavaThread "Direct Clip" daemon [_thread_blocked, id=13100, stack(0x000000fac8060000,0x000000fac8160000)]
  0x00000213844b0bd0 JavaThread "Direct Clip" daemon [_thread_blocked, id=12780, stack(0x000000fac8160000,0x000000fac8260000)]
  0x00000213844b3720 JavaThread "Direct Clip" daemon [_thread_blocked, id=15644, stack(0x000000fac8260000,0x000000fac8360000)]
  0x00000213844b1f10 JavaThread "Direct Clip" daemon [_thread_blocked, id=19396, stack(0x000000fac8360000,0x000000fac8460000)]
  0x00000213844b2d80 JavaThread "Direct Clip" daemon [_thread_blocked, id=9648, stack(0x000000fac8460000,0x000000fac8560000)]
  0x00000213844b6270 JavaThread "Direct Clip" daemon [_thread_blocked, id=8632, stack(0x000000fac8560000,0x000000fac8660000)]
  0x00000213844b10a0 JavaThread "Direct Clip" daemon [_thread_blocked, id=5584, stack(0x000000fac8660000,0x000000fac8760000)]
  0x00000213844b3bf0 JavaThread "Direct Clip" daemon [_thread_blocked, id=16596, stack(0x000000fac8760000,0x000000fac8860000)]
  0x00000213844b28b0 JavaThread "Direct Clip" daemon [_thread_blocked, id=5284, stack(0x000000fac8860000,0x000000fac8960000)]
  0x00000213844b23e0 JavaThread "Direct Clip" daemon [_thread_blocked, id=6692, stack(0x000000fac8960000,0x000000fac8a60000)]
  0x00000213844b1570 JavaThread "Direct Clip" daemon [_thread_blocked, id=9064, stack(0x000000fac8a60000,0x000000fac8b60000)]
  0x00000213844b6740 JavaThread "Direct Clip" daemon [_thread_blocked, id=21096, stack(0x000000fac8b60000,0x000000fac8c60000)]
  0x00000213844b40c0 JavaThread "Direct Clip" daemon [_thread_blocked, id=6468, stack(0x000000fac8c60000,0x000000fac8d60000)]
  0x00000213844b4590 JavaThread "Direct Clip" daemon [_thread_blocked, id=12144, stack(0x000000fac8d60000,0x000000fac8e60000)]
  0x00000213844b75b0 JavaThread "Direct Clip" daemon [_thread_blocked, id=17944, stack(0x000000fac8e60000,0x000000fac8f60000)]
  0x00000213844b4a60 JavaThread "Direct Clip" daemon [_thread_blocked, id=6052, stack(0x000000fac8f60000,0x000000fac9060000)]
  0x00000213844b70e0 JavaThread "Direct Clip" daemon [_thread_blocked, id=14752, stack(0x000000fac9060000,0x000000fac9160000)]
  0x00000213844b4f30 JavaThread "Direct Clip" daemon [_thread_blocked, id=3852, stack(0x000000fac9160000,0x000000fac9260000)]
  0x00000213844b1a40 JavaThread "Direct Clip" daemon [_thread_blocked, id=8612, stack(0x000000fac9260000,0x000000fac9360000)]
  0x00000213844b6c10 JavaThread "Direct Clip" daemon [_thread_blocked, id=22140, stack(0x000000fac9360000,0x000000fac9460000)]
  0x00000213844b5400 JavaThread "Direct Clip" daemon [_thread_blocked, id=16980, stack(0x000000fac9460000,0x000000fac9560000)]
  0x00000213844b58d0 JavaThread "Direct Clip" daemon [_thread_blocked, id=21672, stack(0x000000fac9560000,0x000000fac9660000)]
  0x00000213844b0230 JavaThread "Direct Clip" daemon [_thread_blocked, id=12028, stack(0x000000fac9660000,0x000000fac9760000)]
  0x00000213844b0700 JavaThread "Direct Clip" daemon [_thread_blocked, id=3768, stack(0x000000fac9760000,0x000000fac9860000)]
  0x000002138b683290 JavaThread "Direct Clip" daemon [_thread_blocked, id=15356, stack(0x000000fac9860000,0x000000fac9960000)]
  0x000002138b67e0c0 JavaThread "Direct Clip" daemon [_thread_blocked, id=10000, stack(0x000000fac9960000,0x000000fac9a60000)]
  0x000002138b67f8d0 JavaThread "Direct Clip" daemon [_thread_blocked, id=9112, stack(0x000000fac9a60000,0x000000fac9b60000)]
  0x000002138b680270 JavaThread "Direct Clip" daemon [_thread_blocked, id=18944, stack(0x000000fac9b60000,0x000000fac9c60000)]
  0x000002138b682420 JavaThread "Direct Clip" daemon [_thread_blocked, id=14068, stack(0x000000fac9c60000,0x000000fac9d60000)]
  0x000002138b67ea60 JavaThread "Direct Clip" daemon [_thread_blocked, id=8656, stack(0x000000fac9d60000,0x000000fac9e60000)]
  0x000002138b683760 JavaThread "Direct Clip" daemon [_thread_blocked, id=20672, stack(0x000000fac9e60000,0x000000fac9f60000)]
  0x000002138b683c30 JavaThread "Direct Clip" daemon [_thread_blocked, id=9832, stack(0x000000fac9f60000,0x000000faca060000)]
  0x000002138b67c3e0 JavaThread "Direct Clip" daemon [_thread_blocked, id=18120, stack(0x000000faca060000,0x000000faca160000)]
  0x000002138b67d720 JavaThread "Direct Clip" daemon [_thread_blocked, id=5088, stack(0x000000faca160000,0x000000faca260000)]
  0x000002138b680c10 JavaThread "Direct Clip" daemon [_thread_blocked, id=16520, stack(0x000000faca260000,0x000000faca360000)]
  0x000002138b67c8b0 JavaThread "Direct Clip" daemon [_thread_blocked, id=22424, stack(0x000000faca360000,0x000000faca460000)]
  0x000002138b67cd80 JavaThread "Direct Clip" daemon [_thread_blocked, id=10140, stack(0x000000faca460000,0x000000faca560000)]
  0x000002138b67e590 JavaThread "Direct Clip" daemon [_thread_blocked, id=6792, stack(0x000000faca560000,0x000000faca660000)]
  0x000002138b67d250 JavaThread "Direct Clip" daemon [_thread_blocked, id=14876, stack(0x000000faca660000,0x000000faca760000)]
  0x000002138b680740 JavaThread "Direct Clip" daemon [_thread_blocked, id=20824, stack(0x000000faca760000,0x000000faca860000)]
  0x000002138b6810e0 JavaThread "Direct Clip" daemon [_thread_blocked, id=18604, stack(0x000000faca860000,0x000000faca960000)]
  0x000002138b6815b0 JavaThread "Direct Clip" daemon [_thread_blocked, id=19212, stack(0x000000faca960000,0x000000facaa60000)]
  0x000002138b67dbf0 JavaThread "Direct Clip" daemon [_thread_blocked, id=2340, stack(0x000000facaa60000,0x000000facab60000)]
  0x000002138b67fda0 JavaThread "Direct Clip" daemon [_thread_blocked, id=10016, stack(0x000000facab60000,0x000000facac60000)]
  0x000002138b67ef30 JavaThread "Direct Clip" daemon [_thread_blocked, id=3780, stack(0x000000facac60000,0x000000facad60000)]
  0x000002138b67f400 JavaThread "Direct Clip" daemon [_thread_blocked, id=16664, stack(0x000000facad60000,0x000000facae60000)]
  0x000002138b681a80 JavaThread "Direct Clip" daemon [_thread_blocked, id=21580, stack(0x000000facae60000,0x000000facaf60000)]
  0x000002138b681f50 JavaThread "Direct Clip" daemon [_thread_blocked, id=13664, stack(0x000000facaf60000,0x000000facb060000)]
  0x000002138b6828f0 JavaThread "Direct Clip" daemon [_thread_blocked, id=18140, stack(0x000000facb060000,0x000000facb160000)]
  0x00000213843a6160 JavaThread "Direct Clip" daemon [_thread_blocked, id=12320, stack(0x000000facb160000,0x000000facb260000)]
  0x00000213843a4950 JavaThread "Direct Clip" daemon [_thread_blocked, id=10432, stack(0x000000facb260000,0x000000facb360000)]
  0x00000213843a87e0 JavaThread "Direct Clip" daemon [_thread_blocked, id=15388, stack(0x000000facb360000,0x000000facb460000)]
  0x00000213843a9180 JavaThread "Direct Clip" daemon [_thread_blocked, id=4808, stack(0x000000facb460000,0x000000facb560000)]
  0x00000213843a4480 JavaThread "Direct Clip" daemon [_thread_blocked, id=16372, stack(0x000000facb560000,0x000000facb660000)]
  0x00000213843a22d0 JavaThread "Direct Clip" daemon [_thread_blocked, id=13292, stack(0x000000facb660000,0x000000facb760000)]
  0x00000213843a7970 JavaThread "Direct Clip" daemon [_thread_blocked, id=9152, stack(0x000000facb760000,0x000000facb860000)]
  0x00000213843a6fd0 JavaThread "ToolkitShutdown" daemon [_thread_in_native, id=13968, stack(0x000000facba60000,0x000000facbb60000)]

Other Threads:
  0x00000213826e19d0 VMThread "VM Thread" [stack: 0x000000fac4f00000,0x000000fac5000000] [id=20756]
  0x00000213df97ae90 WatcherThread [stack: 0x000000fac5a00000,0x000000fac5b00000] [id=22400]
  0x00000213df95d530 GCTaskThread "GC Thread#0" [stack: 0x000000fac4a00000,0x000000fac4b00000] [id=11172]
  0x000002138443ef00 GCTaskThread "GC Thread#1" [stack: 0x000000fac6300000,0x000000fac6400000] [id=4352]
  0x000002138443f5c0 GCTaskThread "GC Thread#2" [stack: 0x000000fac6400000,0x000000fac6500000] [id=11480]
  0x000002138443f870 GCTaskThread "GC Thread#3" [stack: 0x000000fac6500000,0x000000fac6600000] [id=8652]
  0x0000021384440340 GCTaskThread "GC Thread#4" [stack: 0x000000fac6600000,0x000000fac6700000] [id=7692]
  0x00000213844558e0 GCTaskThread "GC Thread#5" [stack: 0x000000fac6700000,0x000000fac6800000] [id=13176]
  0x0000021384428b10 GCTaskThread "GC Thread#6" [stack: 0x000000fac6800000,0x000000fac6900000] [id=3492]
  0x0000021384420bc0 GCTaskThread "GC Thread#7" [stack: 0x000000fac6900000,0x000000fac6a00000] [id=7808]
  0x000002138b4a97d0 GCTaskThread "GC Thread#8" [stack: 0x000000fac6c00000,0x000000fac6d00000] [id=3560]
  0x00000213df96e4a0 ConcurrentGCThread "G1 Main Marker" [stack: 0x000000fac4b00000,0x000000fac4c00000] [id=17160]
  0x00000213df96f650 ConcurrentGCThread "G1 Conc#0" [stack: 0x000000fac4c00000,0x000000fac4d00000] [id=14328]
  0x000002138bd75cf0 ConcurrentGCThread "G1 Conc#1" [stack: 0x000000fac6a00000,0x000000fac6b00000] [id=8668]
  0x000002138bb2d010 ConcurrentGCThread "G1 Conc#2" [stack: 0x000000fac6b00000,0x000000fac6c00000] [id=12508]
  0x00000213df9ae070 ConcurrentGCThread "G1 Refine#0" [stack: 0x000000fac4d00000,0x000000fac4e00000] [id=22452]
  0x000002138261aba0 ConcurrentGCThread "G1 Service" [stack: 0x000000fac4e00000,0x000000fac4f00000] [id=14400]

Threads with active compile tasks:

VM state: not at safepoint (normal execution)

VM Mutex/Monitor currently owned by a thread: None

Heap address: 0x0000000702000000, size: 4064 MB, Compressed Oops mode: Zero based, Oop shift amount: 3

CDS archive(s) mapped at: [0x0000000800000000-0x0000000800bc0000-0x0000000800bc0000), size 12320768, SharedBaseAddress: 0x0000000800000000, ArchiveRelocationMode: 0.
Compressed class space mapped at: 0x0000000800c00000-0x0000000840c00000, reserved size: 1073741824
Narrow klass base: 0x0000000800000000, Narrow klass shift: 0, Narrow klass range: 0x100000000

GC Precious Log:
 CPUs: 12 total, 12 available
 Memory: 16253M
 Large Page Support: Disabled
 NUMA Support: Disabled
 Compressed Oops: Enabled (Zero based)
 Heap Region Size: 2M
 Heap Min Capacity: 8M
 Heap Initial Capacity: 254M
 Heap Max Capacity: 4064M
 Pre-touch: Disabled
 Parallel Workers: 10
 Concurrent Workers: 3
 Concurrent Refinement Workers: 10
 Periodic GC: Disabled

Heap:
 garbage-first heap   total 423936K, used 349035K [0x0000000702000000, 0x0000000800000000)
  region size 2048K, 53 young (108544K), 4 survivors (8192K)
 Metaspace       used 9887K, committed 10112K, reserved 1064960K
  class space    used 997K, committed 1152K, reserved 1048576K

Heap Regions: E=young(eden), S=young(survivor), O=old, HS=humongous(starts), HC=humongous(continues), CS=collection set, F=free, OA=open archive, CA=closed archive, TAMS=top-at-mark-start (previous, next)
|   0|0x0000000702000000, 0x0000000702200000, 0x0000000702200000|100%|HS|  |TAMS 0x0000000702200000, 0x0000000702000000| Complete 
|   1|0x0000000702200000, 0x0000000702400000, 0x0000000702400000|100%|HC|  |TAMS 0x0000000702400000, 0x0000000702200000| Complete 
|   2|0x0000000702400000, 0x0000000702600000, 0x0000000702600000|100%|HC|  |TAMS 0x0000000702600000, 0x0000000702400000| Complete 
|   3|0x0000000702600000, 0x0000000702800000, 0x0000000702800000|100%|HC|  |TAMS 0x0000000702800000, 0x0000000702600000| Complete 
|   4|0x0000000702800000, 0x0000000702a00000, 0x0000000702a00000|100%|HC|  |TAMS 0x0000000702a00000, 0x0000000702800000| Complete 
|   5|0x0000000702a00000, 0x0000000702c00000, 0x0000000702c00000|100%|HC|  |TAMS 0x0000000702c00000, 0x0000000702a00000| Complete 
|   6|0x0000000702c00000, 0x0000000702e00000, 0x0000000702e00000|100%|HC|  |TAMS 0x0000000702e00000, 0x0000000702c00000| Complete 
|   7|0x0000000702e00000, 0x0000000703000000, 0x0000000703000000|100%|HC|  |TAMS 0x0000000703000000, 0x0000000702e00000| Complete 
|   8|0x0000000703000000, 0x0000000703200000, 0x0000000703200000|100%|HC|  |TAMS 0x0000000703200000, 0x0000000703000000| Complete 
|   9|0x0000000703200000, 0x0000000703400000, 0x0000000703400000|100%|HC|  |TAMS 0x0000000703400000, 0x0000000703200000| Complete 
|  10|0x0000000703400000, 0x0000000703600000, 0x0000000703600000|100%|HC|  |TAMS 0x0000000703600000, 0x0000000703400000| Complete 
|  11|0x0000000703600000, 0x0000000703800000, 0x0000000703800000|100%|HS|  |TAMS 0x0000000703800000, 0x0000000703600000| Complete 
|  12|0x0000000703800000, 0x0000000703a00000, 0x0000000703a00000|100%|HC|  |TAMS 0x0000000703a00000, 0x0000000703800000| Complete 
|  13|0x0000000703a00000, 0x0000000703c00000, 0x0000000703c00000|100%|HC|  |TAMS 0x0000000703c00000, 0x0000000703a00000| Complete 
|  14|0x0000000703c00000, 0x0000000703e00000, 0x0000000703e00000|100%|HC|  |TAMS 0x0000000703e00000, 0x0000000703c00000| Complete 
|  15|0x0000000703e00000, 0x0000000704000000, 0x0000000704000000|100%|HC|  |TAMS 0x0000000704000000, 0x0000000703e00000| Complete 
|  16|0x0000000704000000, 0x0000000704200000, 0x0000000704200000|100%|HC|  |TAMS 0x0000000704200000, 0x0000000704000000| Complete 
|  17|0x0000000704200000, 0x0000000704400000, 0x0000000704400000|100%|HC|  |TAMS 0x0000000704400000, 0x0000000704200000| Complete 
|  18|0x0000000704400000, 0x0000000704600000, 0x0000000704600000|100%|HC|  |TAMS 0x0000000704600000, 0x0000000704400000| Complete 
|  19|0x0000000704600000, 0x0000000704800000, 0x0000000704800000|100%|HC|  |TAMS 0x0000000704800000, 0x0000000704600000| Complete 
|  20|0x0000000704800000, 0x0000000704a00000, 0x0000000704a00000|100%|HC|  |TAMS 0x0000000704a00000, 0x0000000704800000| Complete 
|  21|0x0000000704a00000, 0x0000000704c00000, 0x0000000704c00000|100%|HC|  |TAMS 0x0000000704c00000, 0x0000000704a00000| Complete 
|  22|0x0000000704c00000, 0x0000000704e00000, 0x0000000704e00000|100%|HS|  |TAMS 0x0000000704e00000, 0x0000000704c00000| Complete 
|  23|0x0000000704e00000, 0x0000000705000000, 0x0000000705000000|100%|HC|  |TAMS 0x0000000705000000, 0x0000000704e00000| Complete 
|  24|0x0000000705000000, 0x0000000705200000, 0x0000000705200000|100%|HC|  |TAMS 0x0000000705200000, 0x0000000705000000| Complete 
|  25|0x0000000705200000, 0x0000000705400000, 0x0000000705400000|100%|HC|  |TAMS 0x0000000705400000, 0x0000000705200000| Complete 
|  26|0x0000000705400000, 0x0000000705600000, 0x0000000705600000|100%|HC|  |TAMS 0x0000000705600000, 0x0000000705400000| Complete 
|  27|0x0000000705600000, 0x0000000705800000, 0x0000000705800000|100%|HC|  |TAMS 0x0000000705800000, 0x0000000705600000| Complete 
|  28|0x0000000705800000, 0x0000000705a00000, 0x0000000705a00000|100%|HC|  |TAMS 0x0000000705a00000, 0x0000000705800000| Complete 
|  29|0x0000000705a00000, 0x0000000705c00000, 0x0000000705c00000|100%|HC|  |TAMS 0x0000000705c00000, 0x0000000705a00000| Complete 
|  30|0x0000000705c00000, 0x0000000705e00000, 0x0000000705e00000|100%|HC|  |TAMS 0x0000000705e00000, 0x0000000705c00000| Complete 
|  31|0x0000000705e00000, 0x0000000706000000, 0x0000000706000000|100%|HC|  |TAMS 0x0000000706000000, 0x0000000705e00000| Complete 
|  32|0x0000000706000000, 0x0000000706200000, 0x0000000706200000|100%|HC|  |TAMS 0x0000000706200000, 0x0000000706000000| Complete 
|  33|0x0000000706200000, 0x0000000706400000, 0x0000000706400000|100%|HS|  |TAMS 0x0000000706400000, 0x0000000706200000| Complete 
|  34|0x0000000706400000, 0x0000000706600000, 0x0000000706600000|100%|HC|  |TAMS 0x0000000706600000, 0x0000000706400000| Complete 
|  35|0x0000000706600000, 0x0000000706800000, 0x0000000706800000|100%|HC|  |TAMS 0x0000000706800000, 0x0000000706600000| Complete 
|  36|0x0000000706800000, 0x0000000706a00000, 0x0000000706a00000|100%|HC|  |TAMS 0x0000000706a00000, 0x0000000706800000| Complete 
|  37|0x0000000706a00000, 0x0000000706c00000, 0x0000000706c00000|100%|HC|  |TAMS 0x0000000706c00000, 0x0000000706a00000| Complete 
|  38|0x0000000706c00000, 0x0000000706e00000, 0x0000000706e00000|100%|HC|  |TAMS 0x0000000706e00000, 0x0000000706c00000| Complete 
|  39|0x0000000706e00000, 0x0000000707000000, 0x0000000707000000|100%|HC|  |TAMS 0x0000000707000000, 0x0000000706e00000| Complete 
|  40|0x0000000707000000, 0x0000000707200000, 0x0000000707200000|100%|HC|  |TAMS 0x0000000707200000, 0x0000000707000000| Complete 
|  41|0x0000000707200000, 0x0000000707400000, 0x0000000707400000|100%|HC|  |TAMS 0x0000000707400000, 0x0000000707200000| Complete 
|  42|0x0000000707400000, 0x0000000707600000, 0x0000000707600000|100%|HC|  |TAMS 0x0000000707600000, 0x0000000707400000| Complete 
|  43|0x0000000707600000, 0x0000000707800000, 0x0000000707800000|100%|HC|  |TAMS 0x0000000707800000, 0x0000000707600000| Complete 
|  44|0x0000000707800000, 0x0000000707a00000, 0x0000000707a00000|100%|HS|  |TAMS 0x0000000707a00000, 0x0000000707800000| Complete 
|  45|0x0000000707a00000, 0x0000000707c00000, 0x0000000707c00000|100%|HC|  |TAMS 0x0000000707c00000, 0x0000000707a00000| Complete 
|  46|0x0000000707c00000, 0x0000000707e00000, 0x0000000707e00000|100%|HC|  |TAMS 0x0000000707e00000, 0x0000000707c00000| Complete 
|  47|0x0000000707e00000, 0x0000000708000000, 0x0000000708000000|100%|HC|  |TAMS 0x0000000708000000, 0x0000000707e00000| Complete 
|  48|0x0000000708000000, 0x0000000708200000, 0x0000000708200000|100%|HC|  |TAMS 0x0000000708200000, 0x0000000708000000| Complete 
|  49|0x0000000708200000, 0x0000000708400000, 0x0000000708400000|100%|HC|  |TAMS 0x0000000708400000, 0x0000000708200000| Complete 
|  50|0x0000000708400000, 0x0000000708600000, 0x0000000708600000|100%|HC|  |TAMS 0x0000000708600000, 0x0000000708400000| Complete 
|  51|0x0000000708600000, 0x0000000708800000, 0x0000000708800000|100%|HC|  |TAMS 0x0000000708800000, 0x0000000708600000| Complete 
|  52|0x0000000708800000, 0x0000000708a00000, 0x0000000708a00000|100%|HC|  |TAMS 0x0000000708a00000, 0x0000000708800000| Complete 
|  53|0x0000000708a00000, 0x0000000708c00000, 0x0000000708c00000|100%|HC|  |TAMS 0x0000000708c00000, 0x0000000708a00000| Complete 
|  54|0x0000000708c00000, 0x0000000708e00000, 0x0000000708e00000|100%|HC|  |TAMS 0x0000000708e00000, 0x0000000708c00000| Complete 
|  55|0x0000000708e00000, 0x0000000709000000, 0x0000000709000000|100%|HS|  |TAMS 0x0000000709000000, 0x0000000708e00000| Complete 
|  56|0x0000000709000000, 0x0000000709200000, 0x0000000709200000|100%|HC|  |TAMS 0x0000000709200000, 0x0000000709000000| Complete 
|  57|0x0000000709200000, 0x0000000709400000, 0x0000000709400000|100%|HC|  |TAMS 0x0000000709400000, 0x0000000709200000| Complete 
|  58|0x0000000709400000, 0x0000000709600000, 0x0000000709600000|100%|HC|  |TAMS 0x0000000709600000, 0x0000000709400000| Complete 
|  59|0x0000000709600000, 0x0000000709800000, 0x0000000709800000|100%|HC|  |TAMS 0x0000000709800000, 0x0000000709600000| Complete 
|  60|0x0000000709800000, 0x0000000709a00000, 0x0000000709a00000|100%|HC|  |TAMS 0x0000000709a00000, 0x0000000709800000| Complete 
|  61|0x0000000709a00000, 0x0000000709c00000, 0x0000000709c00000|100%|HC|  |TAMS 0x0000000709c00000, 0x0000000709a00000| Complete 
|  62|0x0000000709c00000, 0x0000000709e00000, 0x0000000709e00000|100%|HC|  |TAMS 0x0000000709e00000, 0x0000000709c00000| Complete 
|  63|0x0000000709e00000, 0x000000070a000000, 0x000000070a000000|100%|HC|  |TAMS 0x000000070a000000, 0x0000000709e00000| Complete 
|  64|0x000000070a000000, 0x000000070a200000, 0x000000070a200000|100%|HC|  |TAMS 0x000000070a200000, 0x000000070a000000| Complete 
|  65|0x000000070a200000, 0x000000070a400000, 0x000000070a400000|100%|HC|  |TAMS 0x000000070a400000, 0x000000070a200000| Complete 
|  66|0x000000070a400000, 0x000000070a600000, 0x000000070a600000|100%|HS|  |TAMS 0x000000070a600000, 0x000000070a400000| Complete 
|  67|0x000000070a600000, 0x000000070a800000, 0x000000070a800000|100%|HC|  |TAMS 0x000000070a800000, 0x000000070a600000| Complete 
|  68|0x000000070a800000, 0x000000070aa00000, 0x000000070aa00000|100%|HC|  |TAMS 0x000000070aa00000, 0x000000070a800000| Complete 
|  69|0x000000070aa00000, 0x000000070ac00000, 0x000000070ac00000|100%|HC|  |TAMS 0x000000070ac00000, 0x000000070aa00000| Complete 
|  70|0x000000070ac00000, 0x000000070ae00000, 0x000000070ae00000|100%|HC|  |TAMS 0x000000070ae00000, 0x000000070ac00000| Complete 
|  71|0x000000070ae00000, 0x000000070b000000, 0x000000070b000000|100%|HC|  |TAMS 0x000000070b000000, 0x000000070ae00000| Complete 
|  72|0x000000070b000000, 0x000000070b200000, 0x000000070b200000|100%|HC|  |TAMS 0x000000070b200000, 0x000000070b000000| Complete 
|  73|0x000000070b200000, 0x000000070b400000, 0x000000070b400000|100%|HC|  |TAMS 0x000000070b400000, 0x000000070b200000| Complete 
|  74|0x000000070b400000, 0x000000070b600000, 0x000000070b600000|100%|HC|  |TAMS 0x000000070b600000, 0x000000070b400000| Complete 
|  75|0x000000070b600000, 0x000000070b800000, 0x000000070b800000|100%|HC|  |TAMS 0x000000070b800000, 0x000000070b600000| Complete 
|  76|0x000000070b800000, 0x000000070ba00000, 0x000000070ba00000|100%|HC|  |TAMS 0x000000070ba00000, 0x000000070b800000| Complete 
|  77|0x000000070ba00000, 0x000000070bc00000, 0x000000070bc00000|100%|HS|  |TAMS 0x000000070bc00000, 0x000000070ba00000| Complete 
|  78|0x000000070bc00000, 0x000000070be00000, 0x000000070be00000|100%|HC|  |TAMS 0x000000070be00000, 0x000000070bc00000| Complete 
|  79|0x000000070be00000, 0x000000070c000000, 0x000000070c000000|100%|HC|  |TAMS 0x000000070c000000, 0x000000070be00000| Complete 
|  80|0x000000070c000000, 0x000000070c200000, 0x000000070c200000|100%|HC|  |TAMS 0x000000070c200000, 0x000000070c000000| Complete 
|  81|0x000000070c200000, 0x000000070c400000, 0x000000070c400000|100%|HC|  |TAMS 0x000000070c400000, 0x000000070c200000| Complete 
|  82|0x000000070c400000, 0x000000070c600000, 0x000000070c600000|100%|HC|  |TAMS 0x000000070c600000, 0x000000070c400000| Complete 
|  83|0x000000070c600000, 0x000000070c800000, 0x000000070c800000|100%|HC|  |TAMS 0x000000070c800000, 0x000000070c600000| Complete 
|  84|0x000000070c800000, 0x000000070ca00000, 0x000000070ca00000|100%|HC|  |TAMS 0x000000070ca00000, 0x000000070c800000| Complete 
|  85|0x000000070ca00000, 0x000000070cc00000, 0x000000070cc00000|100%|HC|  |TAMS 0x000000070cc00000, 0x000000070ca00000| Complete 
|  86|0x000000070cc00000, 0x000000070ce00000, 0x000000070ce00000|100%|HC|  |TAMS 0x000000070ce00000, 0x000000070cc00000| Complete 
|  87|0x000000070ce00000, 0x000000070d000000, 0x000000070d000000|100%|HC|  |TAMS 0x000000070d000000, 0x000000070ce00000| Complete 
|  88|0x000000070d000000, 0x000000070d200000, 0x000000070d200000|100%|HS|  |TAMS 0x000000070d200000, 0x000000070d000000| Complete 
|  89|0x000000070d200000, 0x000000070d400000, 0x000000070d400000|100%|HC|  |TAMS 0x000000070d400000, 0x000000070d200000| Complete 
|  90|0x000000070d400000, 0x000000070d600000, 0x000000070d600000|100%|HC|  |TAMS 0x000000070d600000, 0x000000070d400000| Complete 
|  91|0x000000070d600000, 0x000000070d800000, 0x000000070d800000|100%|HC|  |TAMS 0x000000070d800000, 0x000000070d600000| Complete 
|  92|0x000000070d800000, 0x000000070da00000, 0x000000070da00000|100%|HC|  |TAMS 0x000000070da00000, 0x000000070d800000| Complete 
|  93|0x000000070da00000, 0x000000070dc00000, 0x000000070dc00000|100%|HC|  |TAMS 0x000000070dc00000, 0x000000070da00000| Complete 
|  94|0x000000070dc00000, 0x000000070de00000, 0x000000070de00000|100%|HC|  |TAMS 0x000000070de00000, 0x000000070dc00000| Complete 
|  95|0x000000070de00000, 0x000000070e000000, 0x000000070e000000|100%|HC|  |TAMS 0x000000070e000000, 0x000000070de00000| Complete 
|  96|0x000000070e000000, 0x000000070e200000, 0x000000070e200000|100%|HC|  |TAMS 0x000000070e200000, 0x000000070e000000| Complete 
|  97|0x000000070e200000, 0x000000070e400000, 0x000000070e400000|100%|HC|  |TAMS 0x000000070e400000, 0x000000070e200000| Complete 
|  98|0x000000070e400000, 0x000000070e600000, 0x000000070e600000|100%|HC|  |TAMS 0x000000070e600000, 0x000000070e400000| Complete 
|  99|0x000000070e600000, 0x000000070e800000, 0x000000070e800000|100%|HS|  |TAMS 0x000000070e800000, 0x000000070e600000| Complete 
| 100|0x000000070e800000, 0x000000070ea00000, 0x000000070ea00000|100%|HC|  |TAMS 0x000000070ea00000, 0x000000070e800000| Complete 
| 101|0x000000070ea00000, 0x000000070ec00000, 0x000000070ec00000|100%|HC|  |TAMS 0x000000070ec00000, 0x000000070ea00000| Complete 
| 102|0x000000070ec00000, 0x000000070ee00000, 0x000000070ee00000|100%|HC|  |TAMS 0x000000070ee00000, 0x000000070ec00000| Complete 
| 103|0x000000070ee00000, 0x000000070f000000, 0x000000070f000000|100%|HC|  |TAMS 0x000000070f000000, 0x000000070ee00000| Complete 
| 104|0x000000070f000000, 0x000000070f200000, 0x000000070f200000|100%|HC|  |TAMS 0x000000070f200000, 0x000000070f000000| Complete 
| 105|0x000000070f200000, 0x000000070f400000, 0x000000070f400000|100%|HC|  |TAMS 0x000000070f400000, 0x000000070f200000| Complete 
| 106|0x000000070f400000, 0x000000070f600000, 0x000000070f600000|100%|HC|  |TAMS 0x000000070f600000, 0x000000070f400000| Complete 
| 107|0x000000070f600000, 0x000000070f800000, 0x000000070f800000|100%|HC|  |TAMS 0x000000070f800000, 0x000000070f600000| Complete 
| 108|0x000000070f800000, 0x000000070fa00000, 0x000000070fa00000|100%|HC|  |TAMS 0x000000070fa00000, 0x000000070f800000| Complete 
| 109|0x000000070fa00000, 0x000000070fc00000, 0x000000070fc00000|100%|HC|  |TAMS 0x000000070fc00000, 0x000000070fa00000| Complete 
| 110|0x000000070fc00000, 0x000000070fe00000, 0x000000070fe00000|100%|HS|  |TAMS 0x000000070fe00000, 0x000000070fc00000| Complete 
| 111|0x000000070fe00000, 0x0000000710000000, 0x0000000710000000|100%|HC|  |TAMS 0x0000000710000000, 0x000000070fe00000| Complete 
| 112|0x0000000710000000, 0x0000000710200000, 0x0000000710200000|100%|HS|  |TAMS 0x0000000710200000, 0x0000000710000000| Complete 
| 113|0x0000000710200000, 0x0000000710400000, 0x0000000710400000|100%|HC|  |TAMS 0x0000000710400000, 0x0000000710200000| Complete 
| 114|0x0000000710400000, 0x0000000710600000, 0x0000000710600000|100%|HS|  |TAMS 0x0000000710400000, 0x0000000710400000| Complete 
| 115|0x0000000710600000, 0x0000000710800000, 0x0000000710800000|100%|HC|  |TAMS 0x0000000710600000, 0x0000000710600000| Complete 
| 116|0x0000000710800000, 0x0000000710a00000, 0x0000000710a00000|100%|HC|  |TAMS 0x0000000710800000, 0x0000000710800000| Complete 
| 117|0x0000000710a00000, 0x0000000710c00000, 0x0000000710c00000|100%|HC|  |TAMS 0x0000000710a00000, 0x0000000710a00000| Complete 
| 118|0x0000000710c00000, 0x0000000710e00000, 0x0000000710e00000|100%|HC|  |TAMS 0x0000000710c00000, 0x0000000710c00000| Complete 
| 119|0x0000000710e00000, 0x0000000710e00000, 0x0000000711000000|  0%| F|  |TAMS 0x0000000710e00000, 0x0000000710e00000| Untracked 
| 120|0x0000000711000000, 0x0000000711000000, 0x0000000711200000|  0%| F|  |TAMS 0x0000000711000000, 0x0000000711000000| Untracked 
| 121|0x0000000711200000, 0x0000000711200000, 0x0000000711400000|  0%| F|  |TAMS 0x0000000711200000, 0x0000000711200000| Untracked 
| 122|0x0000000711400000, 0x0000000711400000, 0x0000000711600000|  0%| F|  |TAMS 0x0000000711400000, 0x0000000711400000| Untracked 
| 123|0x0000000711600000, 0x0000000711600000, 0x0000000711800000|  0%| F|  |TAMS 0x0000000711600000, 0x0000000711600000| Untracked 
| 124|0x0000000711800000, 0x0000000711800000, 0x0000000711a00000|  0%| F|  |TAMS 0x0000000711800000, 0x0000000711800000| Untracked 
| 125|0x0000000711a00000, 0x0000000711a00000, 0x0000000711c00000|  0%| F|  |TAMS 0x0000000711a00000, 0x0000000711a00000| Untracked 
| 126|0x0000000711c00000, 0x0000000711c00000, 0x0000000711e00000|  0%| F|  |TAMS 0x0000000711c00000, 0x0000000711c00000| Untracked 
| 127|0x0000000711e00000, 0x0000000711e00000, 0x0000000712000000|  0%| F|  |TAMS 0x0000000711e00000, 0x0000000711e00000| Untracked 
| 128|0x0000000712000000, 0x0000000712000000, 0x0000000712200000|  0%| F|  |TAMS 0x0000000712000000, 0x0000000712000000| Untracked 
| 129|0x0000000712200000, 0x0000000712200000, 0x0000000712400000|  0%| F|  |TAMS 0x0000000712200000, 0x0000000712200000| Untracked 
| 130|0x0000000712400000, 0x0000000712400000, 0x0000000712600000|  0%| F|  |TAMS 0x0000000712400000, 0x0000000712400000| Untracked 
| 131|0x0000000712600000, 0x0000000712600000, 0x0000000712800000|  0%| F|  |TAMS 0x0000000712600000, 0x0000000712600000| Untracked 
| 132|0x0000000712800000, 0x0000000712800000, 0x0000000712a00000|  0%| F|  |TAMS 0x0000000712800000, 0x0000000712800000| Untracked 
| 133|0x0000000712a00000, 0x0000000712a00000, 0x0000000712c00000|  0%| F|  |TAMS 0x0000000712a00000, 0x0000000712a00000| Untracked 
| 134|0x0000000712c00000, 0x0000000712c00000, 0x0000000712e00000|  0%| F|  |TAMS 0x0000000712c00000, 0x0000000712c00000| Untracked 
| 135|0x0000000712e00000, 0x0000000712e00000, 0x0000000713000000|  0%| F|  |TAMS 0x0000000712e00000, 0x0000000712e00000| Untracked 
| 136|0x0000000713000000, 0x0000000713000000, 0x0000000713200000|  0%| F|  |TAMS 0x0000000713000000, 0x0000000713000000| Untracked 
| 137|0x0000000713200000, 0x0000000713200000, 0x0000000713400000|  0%| F|  |TAMS 0x0000000713200000, 0x0000000713200000| Untracked 
| 138|0x0000000713400000, 0x0000000713400000, 0x0000000713600000|  0%| F|  |TAMS 0x0000000713400000, 0x0000000713400000| Untracked 
| 139|0x0000000713600000, 0x0000000713600000, 0x0000000713800000|  0%| F|  |TAMS 0x0000000713600000, 0x0000000713600000| Untracked 
| 140|0x0000000713800000, 0x0000000713800000, 0x0000000713a00000|  0%| F|  |TAMS 0x0000000713800000, 0x0000000713800000| Untracked 
| 141|0x0000000713a00000, 0x0000000713a00000, 0x0000000713c00000|  0%| F|  |TAMS 0x0000000713a00000, 0x0000000713a00000| Untracked 
| 142|0x0000000713c00000, 0x0000000713c00000, 0x0000000713e00000|  0%| F|  |TAMS 0x0000000713c00000, 0x0000000713c00000| Untracked 
| 143|0x0000000713e00000, 0x0000000713e00000, 0x0000000714000000|  0%| F|  |TAMS 0x0000000713e00000, 0x0000000713e00000| Untracked 
| 144|0x0000000714000000, 0x0000000714000000, 0x0000000714200000|  0%| F|  |TAMS 0x0000000714000000, 0x0000000714000000| Untracked 
| 145|0x0000000714200000, 0x0000000714200000, 0x0000000714400000|  0%| F|  |TAMS 0x0000000714200000, 0x0000000714200000| Untracked 
| 146|0x0000000714400000, 0x0000000714400000, 0x0000000714600000|  0%| F|  |TAMS 0x0000000714400000, 0x0000000714400000| Untracked 
| 147|0x0000000714600000, 0x0000000714600000, 0x0000000714800000|  0%| F|  |TAMS 0x0000000714600000, 0x0000000714600000| Untracked 
| 148|0x0000000714800000, 0x0000000714800000, 0x0000000714a00000|  0%| F|  |TAMS 0x0000000714800000, 0x0000000714800000| Untracked 
| 149|0x0000000714a00000, 0x0000000714a00000, 0x0000000714c00000|  0%| F|  |TAMS 0x0000000714a00000, 0x0000000714a00000| Untracked 
| 150|0x0000000714c00000, 0x0000000714c00000, 0x0000000714e00000|  0%| F|  |TAMS 0x0000000714c00000, 0x0000000714c00000| Untracked 
| 151|0x0000000714e00000, 0x0000000714e00000, 0x0000000715000000|  0%| F|  |TAMS 0x0000000714e00000, 0x0000000714e00000| Untracked 
| 152|0x0000000715000000, 0x0000000715000000, 0x0000000715200000|  0%| F|  |TAMS 0x0000000715000000, 0x0000000715000000| Untracked 
| 153|0x0000000715200000, 0x0000000715200000, 0x0000000715400000|  0%| F|  |TAMS 0x0000000715200000, 0x0000000715200000| Untracked 
| 154|0x0000000715400000, 0x0000000715400800, 0x0000000715600000|  0%| E|  |TAMS 0x0000000715400000, 0x0000000715400000| Complete 
| 155|0x0000000715600000, 0x0000000715800000, 0x0000000715800000|100%| E|CS|TAMS 0x0000000715600000, 0x0000000715600000| Complete 
| 156|0x0000000715800000, 0x0000000715a00000, 0x0000000715a00000|100%| E|CS|TAMS 0x0000000715800000, 0x0000000715800000| Complete 
| 157|0x0000000715a00000, 0x0000000715c00000, 0x0000000715c00000|100%| E|CS|TAMS 0x0000000715a00000, 0x0000000715a00000| Complete 
| 158|0x0000000715c00000, 0x0000000715e00000, 0x0000000715e00000|100%| E|CS|TAMS 0x0000000715c00000, 0x0000000715c00000| Complete 
| 159|0x0000000715e00000, 0x0000000716000000, 0x0000000716000000|100%| E|CS|TAMS 0x0000000715e00000, 0x0000000715e00000| Complete 
| 160|0x0000000716000000, 0x0000000716200000, 0x0000000716200000|100%| E|CS|TAMS 0x0000000716000000, 0x0000000716000000| Complete 
| 161|0x0000000716200000, 0x0000000716400000, 0x0000000716400000|100%| E|CS|TAMS 0x0000000716200000, 0x0000000716200000| Complete 
| 162|0x0000000716400000, 0x0000000716600000, 0x0000000716600000|100%| E|CS|TAMS 0x0000000716400000, 0x0000000716400000| Complete 
| 163|0x0000000716600000, 0x0000000716800000, 0x0000000716800000|100%| E|CS|TAMS 0x0000000716600000, 0x0000000716600000| Complete 
| 164|0x0000000716800000, 0x0000000716a00000, 0x0000000716a00000|100%| E|CS|TAMS 0x0000000716800000, 0x0000000716800000| Complete 
| 165|0x0000000716a00000, 0x0000000716c00000, 0x0000000716c00000|100%| E|CS|TAMS 0x0000000716a00000, 0x0000000716a00000| Complete 
| 166|0x0000000716c00000, 0x0000000716e00000, 0x0000000716e00000|100%| E|CS|TAMS 0x0000000716c00000, 0x0000000716c00000| Complete 
| 167|0x0000000716e00000, 0x0000000717000000, 0x0000000717000000|100%| E|CS|TAMS 0x0000000716e00000, 0x0000000716e00000| Complete 
| 168|0x0000000717000000, 0x0000000717200000, 0x0000000717200000|100%| E|CS|TAMS 0x0000000717000000, 0x0000000717000000| Complete 
| 169|0x0000000717200000, 0x0000000717400000, 0x0000000717400000|100%| E|CS|TAMS 0x0000000717200000, 0x0000000717200000| Complete 
| 170|0x0000000717400000, 0x0000000717600000, 0x0000000717600000|100%| E|CS|TAMS 0x0000000717400000, 0x0000000717400000| Complete 
| 171|0x0000000717600000, 0x0000000717800000, 0x0000000717800000|100%| E|CS|TAMS 0x0000000717600000, 0x0000000717600000| Complete 
| 172|0x0000000717800000, 0x0000000717a00000, 0x0000000717a00000|100%| E|CS|TAMS 0x0000000717800000, 0x0000000717800000| Complete 
| 173|0x0000000717a00000, 0x0000000717c00000, 0x0000000717c00000|100%| E|CS|TAMS 0x0000000717a00000, 0x0000000717a00000| Complete 
| 174|0x0000000717c00000, 0x0000000717e00000, 0x0000000717e00000|100%| E|CS|TAMS 0x0000000717c00000, 0x0000000717c00000| Complete 
| 175|0x0000000717e00000, 0x0000000718000000, 0x0000000718000000|100%| E|CS|TAMS 0x0000000717e00000, 0x0000000717e00000| Complete 
| 176|0x0000000718000000, 0x0000000718200000, 0x0000000718200000|100%| E|CS|TAMS 0x0000000718000000, 0x0000000718000000| Complete 
| 177|0x0000000718200000, 0x0000000718400000, 0x0000000718400000|100%| E|CS|TAMS 0x0000000718200000, 0x0000000718200000| Complete 
| 178|0x0000000718400000, 0x0000000718600000, 0x0000000718600000|100%| E|CS|TAMS 0x0000000718400000, 0x0000000718400000| Complete 
| 179|0x0000000718600000, 0x0000000718800000, 0x0000000718800000|100%| E|CS|TAMS 0x0000000718600000, 0x0000000718600000| Complete 
| 180|0x0000000718800000, 0x0000000718a00000, 0x0000000718a00000|100%| E|CS|TAMS 0x0000000718800000, 0x0000000718800000| Complete 
| 181|0x0000000718a00000, 0x0000000718c00000, 0x0000000718c00000|100%| E|CS|TAMS 0x0000000718a00000, 0x0000000718a00000| Complete 
| 182|0x0000000718c00000, 0x0000000718e00000, 0x0000000718e00000|100%| E|CS|TAMS 0x0000000718c00000, 0x0000000718c00000| Complete 
| 183|0x0000000718e00000, 0x0000000719000000, 0x0000000719000000|100%| E|CS|TAMS 0x0000000718e00000, 0x0000000718e00000| Complete 
| 184|0x0000000719000000, 0x0000000719200000, 0x0000000719200000|100%| E|CS|TAMS 0x0000000719000000, 0x0000000719000000| Complete 
| 185|0x0000000719200000, 0x0000000719400000, 0x0000000719400000|100%| E|CS|TAMS 0x0000000719200000, 0x0000000719200000| Complete 
| 186|0x0000000719400000, 0x0000000719600000, 0x0000000719600000|100%| E|CS|TAMS 0x0000000719400000, 0x0000000719400000| Complete 
| 187|0x0000000719600000, 0x0000000719800000, 0x0000000719800000|100%| E|CS|TAMS 0x0000000719600000, 0x0000000719600000| Complete 
| 188|0x0000000719800000, 0x00000007198dafb8, 0x0000000719a00000| 42%| S|CS|TAMS 0x0000000719800000, 0x0000000719800000| Complete 
| 189|0x0000000719a00000, 0x0000000719c00000, 0x0000000719c00000|100%| S|CS|TAMS 0x0000000719a00000, 0x0000000719a00000| Complete 
| 190|0x0000000719c00000, 0x0000000719e00000, 0x0000000719e00000|100%| E|CS|TAMS 0x0000000719c00000, 0x0000000719c00000| Complete 
| 191|0x0000000719e00000, 0x000000071a000000, 0x000000071a000000|100%| E|CS|TAMS 0x0000000719e00000, 0x0000000719e00000| Complete 
| 192|0x000000071a000000, 0x000000071a200000, 0x000000071a200000|100%| E|CS|TAMS 0x000000071a000000, 0x000000071a000000| Complete 
| 193|0x000000071a200000, 0x000000071a400000, 0x000000071a400000|100%| E|CS|TAMS 0x000000071a200000, 0x000000071a200000| Complete 
| 194|0x000000071a400000, 0x000000071a600000, 0x000000071a600000|100%| E|CS|TAMS 0x000000071a400000, 0x000000071a400000| Complete 
| 195|0x000000071a600000, 0x000000071a800000, 0x000000071a800000|100%| S|CS|TAMS 0x000000071a600000, 0x000000071a600000| Complete 
| 196|0x000000071a800000, 0x000000071aa00000, 0x000000071aa00000|100%| S|CS|TAMS 0x000000071a800000, 0x000000071a800000| Complete 
| 197|0x000000071aa00000, 0x000000071ac00000, 0x000000071ac00000|100%| E|CS|TAMS 0x000000071aa00000, 0x000000071aa00000| Complete 
| 198|0x000000071ac00000, 0x000000071ae00000, 0x000000071ae00000|100%| E|CS|TAMS 0x000000071ac00000, 0x000000071ac00000| Complete 
| 199|0x000000071ae00000, 0x000000071b000000, 0x000000071b000000|100%| E|CS|TAMS 0x000000071ae00000, 0x000000071ae00000| Complete 
| 200|0x000000071b000000, 0x000000071b200000, 0x000000071b200000|100%| E|CS|TAMS 0x000000071b000000, 0x000000071b000000| Complete 
| 201|0x000000071b200000, 0x000000071b400000, 0x000000071b400000|100%| E|CS|TAMS 0x000000071b200000, 0x000000071b200000| Complete 
| 202|0x000000071b400000, 0x000000071b600000, 0x000000071b600000|100%| E|CS|TAMS 0x000000071b400000, 0x000000071b400000| Complete 
| 203|0x000000071b600000, 0x000000071b800000, 0x000000071b800000|100%| E|CS|TAMS 0x000000071b600000, 0x000000071b600000| Complete 
| 204|0x000000071b800000, 0x000000071ba00000, 0x000000071ba00000|100%| E|CS|TAMS 0x000000071b800000, 0x000000071b800000| Complete 
| 205|0x000000071ba00000, 0x000000071bc00000, 0x000000071bc00000|100%| E|CS|TAMS 0x000000071ba00000, 0x000000071ba00000| Complete 
| 206|0x000000071bc00000, 0x000000071be00000, 0x000000071be00000|100%| E|CS|TAMS 0x000000071bc00000, 0x000000071bc00000| Complete 

Card table byte_map: [0x00000213f7110000,0x00000213f7900000] _byte_map_base: 0x00000213f3900000

Marking Bits (Prev, Next): (CMBitMap*) 0x00000213df95db80, (CMBitMap*) 0x00000213df95db40
 Prev Bits: [0x00000213fc070000, 0x00000213ffff0000)
 Next Bits: [0x00000213f80f0000, 0x00000213fc070000)

Polling page: 0x00000213dd8a0000

Metaspace:

Usage:
  Non-class:      8.68 MB used.
      Class:    997.46 KB used.
       Both:      9.66 MB used.

Virtual space:
  Non-class space:       16.00 MB reserved,       8.75 MB ( 55%) committed,  2 nodes.
      Class space:        1.00 GB reserved,       1.12 MB ( <1%) committed,  1 nodes.
             Both:        1.02 GB reserved,       9.88 MB ( <1%) committed. 

Chunk freelists:
   Non-Class:  2.95 MB
       Class:  2.74 MB
        Both:  5.70 MB

MaxMetaspaceSize: unlimited
CompressedClassSpaceSize: 1.00 GB
Initial GC threshold: 21.00 MB
Current GC threshold: 21.00 MB
CDS: on
MetaspaceReclaimPolicy: balanced
 - commit_granule_bytes: 65536.
 - commit_granule_words: 8192.
 - virtual_space_node_default_size: 1048576.
 - enlarge_chunks_in_place: 1.
 - new_chunks_are_fully_committed: 0.
 - uncommit_free_chunks: 1.
 - use_allocation_guard: 0.
 - handle_deallocations: 1.


Internal statistics:

num_allocs_failed_limit: 0.
num_arena_births: 132.
num_arena_deaths: 0.
num_vsnodes_births: 3.
num_vsnodes_deaths: 0.
num_space_committed: 158.
num_space_uncommitted: 0.
num_chunks_returned_to_freelist: 0.
num_chunks_taken_from_freelist: 219.
num_chunk_merges: 0.
num_chunk_splits: 115.
num_chunks_enlarged: 40.
num_purges: 0.
num_inconsistent_stats: 0.

CodeHeap 'non-profiled nmethods': size=120000Kb used=1289Kb max_used=1289Kb free=118710Kb
 bounds [0x00000213eeea0000, 0x00000213ef110000, 0x00000213f63d0000]
CodeHeap 'profiled nmethods': size=120000Kb used=4491Kb max_used=4491Kb free=115509Kb
 bounds [0x00000213e7970000, 0x00000213e7de0000, 0x00000213eeea0000]
CodeHeap 'non-nmethods': size=5760Kb used=1292Kb max_used=1357Kb free=4467Kb
 bounds [0x00000213e73d0000, 0x00000213e7640000, 0x00000213e7970000]
 total_blobs=2951 nmethods=2326 adapters=538
 compilation: enabled
              stopped_count=0, restarted_count=0
 full_count=0

Compilation events (20 events):
Event: 47.108 Thread 0x0000021382708110 2318       4       java.awt.Component::getCursor_NoClientCode (30 bytes)
Event: 47.108 Thread 0x0000021382708110 nmethod 2318 0x00000213eefd5490 code [0x00000213eefd5620, 0x00000213eefd5708]
Event: 47.301 Thread 0x0000021382711ae0 2319       1       java.beans.PropertyChangeEvent::getNewValue (5 bytes)
Event: 47.301 Thread 0x0000021382711ae0 nmethod 2319 0x00000213eefd5810 code [0x00000213eefd59a0, 0x00000213eefd5a78]
Event: 47.445 Thread 0x0000021382708110 2320       4       java.security.AccessController::getContext (23 bytes)
Event: 47.447 Thread 0x0000021382708110 nmethod 2320 0x00000213eefd5b10 code [0x00000213eefd5cc0, 0x00000213eefd5fb8]
Event: 47.531 Thread 0x0000021382708110 2321   !   4       sun.awt.PostEventQueue::flush (168 bytes)
Event: 47.663 Thread 0x0000021382708110 nmethod 2321 0x00000213eefd6390 code [0x00000213eefd6840, 0x00000213eefdd5d0]
Event: 47.664 Thread 0x0000021382708110 2322       4       java.util.concurrent.locks.ReentrantLock$Sync::isHeldExclusively (16 bytes)
Event: 47.664 Thread 0x0000021382708110 nmethod 2322 0x00000213eefe0190 code [0x00000213eefe0300, 0x00000213eefe03b8]
Event: 47.947 Thread 0x0000021382708110 2323       4       java.util.HashMap::afterNodeRemoval (1 bytes)
Event: 47.947 Thread 0x0000021382708110 nmethod 2323 0x00000213eefe0490 code [0x00000213eefe0600, 0x00000213eefe0678]
Event: 47.948 Thread 0x0000021382708110 2324       4       sun.java2d.SunGraphics2D::setComposite (224 bytes)
Event: 47.953 Thread 0x0000021382708110 nmethod 2324 0x00000213eefe0790 code [0x00000213eefe0980, 0x00000213eefe14b8]
Event: 47.994 Thread 0x0000021382708110 2325       4       java.util.concurrent.locks.AbstractQueuedSynchronizer$Node::setStatusRelaxed (12 bytes)
Event: 47.995 Thread 0x0000021382708110 nmethod 2325 0x00000213eefe1890 code [0x00000213eefe1a00, 0x00000213eefe1a78]
Event: 47.999 Thread 0x0000021382708110 2326       4       sun.awt.SunToolkit::getAppContext (42 bytes)
Event: 48.000 Thread 0x0000021382708110 nmethod 2326 0x00000213eefe1b90 code [0x00000213eefe1d20, 0x00000213eefe1df8]
Event: 49.447 Thread 0x0000021382708110 2327       4       sun.java2d.pipe.ValidatePipe::copyImage (29 bytes)
Event: 49.449 Thread 0x0000021382708110 nmethod 2327 0x00000213eefe1f10 code [0x00000213eefe20c0, 0x00000213eefe22a8]

GC Heap History (20 events):
Event: 0.394 GC heap before
{Heap before GC invocations=0 (full 0):
 garbage-first heap   total 260096K, used 22528K [0x0000000702000000, 0x0000000800000000)
  region size 2048K, 11 young (22528K), 0 survivors (0K)
 Metaspace       used 5834K, committed 6080K, reserved 1056768K
  class space    used 596K, committed 704K, reserved 1048576K
}
Event: 0.397 GC heap after
{Heap after GC invocations=1 (full 0):
 garbage-first heap   total 260096K, used 2367K [0x0000000702000000, 0x0000000800000000)
  region size 2048K, 2 young (4096K), 2 survivors (4096K)
 Metaspace       used 5834K, committed 6080K, reserved 1056768K
  class space    used 596K, committed 704K, reserved 1048576K
}
Event: 0.519 GC heap before
{Heap before GC invocations=1 (full 0):
 garbage-first heap   total 260096K, used 35135K [0x0000000702000000, 0x0000000800000000)
  region size 2048K, 18 young (36864K), 2 survivors (4096K)
 Metaspace       used 6558K, committed 6784K, reserved 1056768K
  class space    used 678K, committed 768K, reserved 1048576K
}
Event: 0.522 GC heap after
{Heap after GC invocations=2 (full 0):
 garbage-first heap   total 260096K, used 4227K [0x0000000702000000, 0x0000000800000000)
  region size 2048K, 3 young (6144K), 3 survivors (6144K)
 Metaspace       used 6558K, committed 6784K, reserved 1056768K
  class space    used 678K, committed 768K, reserved 1048576K
}
Event: 0.707 GC heap before
{Heap before GC invocations=2 (full 0):
 garbage-first heap   total 260096K, used 145539K [0x0000000702000000, 0x0000000800000000)
  region size 2048K, 18 young (36864K), 3 survivors (6144K)
 Metaspace       used 6633K, committed 6848K, reserved 1056768K
  class space    used 683K, committed 768K, reserved 1048576K
}
Event: 0.709 GC heap after
{Heap after GC invocations=3 (full 0):
 garbage-first heap   total 260096K, used 117060K [0x0000000702000000, 0x0000000800000000)
  region size 2048K, 3 young (6144K), 3 survivors (6144K)
 Metaspace       used 6633K, committed 6848K, reserved 1056768K
  class space    used 683K, committed 768K, reserved 1048576K
}
Event: 0.744 GC heap before
{Heap before GC invocations=3 (full 0):
 garbage-first heap   total 260096K, used 139588K [0x0000000702000000, 0x0000000800000000)
  region size 2048K, 4 young (8192K), 3 survivors (6144K)
 Metaspace       used 6633K, committed 6848K, reserved 1056768K
  class space    used 683K, committed 768K, reserved 1048576K
}
Event: 0.746 GC heap after
{Heap after GC invocations=4 (full 0):
 garbage-first heap   total 260096K, used 139646K [0x0000000702000000, 0x0000000800000000)
  region size 2048K, 3 young (6144K), 3 survivors (6144K)
 Metaspace       used 6633K, committed 6848K, reserved 1056768K
  class space    used 683K, committed 768K, reserved 1048576K
}
Event: 0.785 GC heap before
{Heap before GC invocations=5 (full 0):
 garbage-first heap   total 274432K, used 162174K [0x0000000702000000, 0x0000000800000000)
  region size 2048K, 4 young (8192K), 3 survivors (6144K)
 Metaspace       used 6633K, committed 6848K, reserved 1056768K
  class space    used 683K, committed 768K, reserved 1048576K
}
Event: 0.787 GC heap after
{Heap after GC invocations=6 (full 0):
 garbage-first heap   total 274432K, used 162188K [0x0000000702000000, 0x0000000800000000)
  region size 2048K, 3 young (6144K), 3 survivors (6144K)
 Metaspace       used 6633K, committed 6848K, reserved 1056768K
  class space    used 683K, committed 768K, reserved 1048576K
}
Event: 0.832 GC heap before
{Heap before GC invocations=7 (full 0):
 garbage-first heap   total 311296K, used 184716K [0x0000000702000000, 0x0000000800000000)
  region size 2048K, 4 young (8192K), 3 survivors (6144K)
 Metaspace       used 6633K, committed 6848K, reserved 1056768K
  class space    used 683K, committed 768K, reserved 1048576K
}
Event: 0.835 GC heap after
{Heap after GC invocations=8 (full 0):
 garbage-first heap   total 311296K, used 184549K [0x0000000702000000, 0x0000000800000000)
  region size 2048K, 3 young (6144K), 3 survivors (6144K)
 Metaspace       used 6633K, committed 6848K, reserved 1056768K
  class space    used 683K, committed 768K, reserved 1048576K
}
Event: 0.885 GC heap before
{Heap before GC invocations=9 (full 0):
 garbage-first heap   total 348160K, used 207077K [0x0000000702000000, 0x0000000800000000)
  region size 2048K, 4 young (8192K), 3 survivors (6144K)
 Metaspace       used 6633K, committed 6848K, reserved 1056768K
  class space    used 683K, committed 768K, reserved 1048576K
}
Event: 0.887 GC heap after
{Heap after GC invocations=10 (full 0):
 garbage-first heap   total 348160K, used 207149K [0x0000000702000000, 0x0000000800000000)
  region size 2048K, 3 young (6144K), 3 survivors (6144K)
 Metaspace       used 6633K, committed 6848K, reserved 1056768K
  class space    used 683K, committed 768K, reserved 1048576K
}
Event: 1.097 GC heap before
{Heap before GC invocations=11 (full 0):
 garbage-first heap   total 387072K, used 239917K [0x0000000702000000, 0x0000000800000000)
  region size 2048K, 9 young (18432K), 3 survivors (6144K)
 Metaspace       used 7869K, committed 8064K, reserved 1056768K
  class space    used 860K, committed 960K, reserved 1048576K
}
Event: 1.101 GC heap after
{Heap after GC invocations=12 (full 0):
 garbage-first heap   total 387072K, used 231692K [0x0000000702000000, 0x0000000800000000)
  region size 2048K, 4 young (8192K), 4 survivors (8192K)
 Metaspace       used 7869K, committed 8064K, reserved 1056768K
  class space    used 860K, committed 960K, reserved 1048576K
}
Event: 1.107 GC heap before
{Heap before GC invocations=13 (full 0):
 garbage-first heap   total 399360K, used 237836K [0x0000000702000000, 0x0000000800000000)
  region size 2048K, 6 young (12288K), 4 survivors (8192K)
 Metaspace       used 7881K, committed 8064K, reserved 1056768K
  class space    used 861K, committed 960K, reserved 1048576K
}
Event: 1.111 GC heap after
{Heap after GC invocations=14 (full 0):
 garbage-first heap   total 399360K, used 236064K [0x0000000702000000, 0x0000000800000000)
  region size 2048K, 4 young (8192K), 4 survivors (8192K)
 Metaspace       used 7881K, committed 8064K, reserved 1056768K
  class space    used 861K, committed 960K, reserved 1048576K
}
Event: 2.563 GC heap before
{Heap before GC invocations=15 (full 0):
 garbage-first heap   total 407552K, used 244256K [0x0000000702000000, 0x0000000800000000)
  region size 2048K, 7 young (14336K), 4 survivors (8192K)
 Metaspace       used 8609K, committed 8832K, reserved 1056768K
  class space    used 933K, committed 1024K, reserved 1048576K
}
Event: 2.566 GC heap after
{Heap after GC invocations=16 (full 0):
 garbage-first heap   total 407552K, used 240491K [0x0000000702000000, 0x0000000800000000)
  region size 2048K, 4 young (8192K), 4 survivors (8192K)
 Metaspace       used 8609K, committed 8832K, reserved 1056768K
  class space    used 933K, committed 1024K, reserved 1048576K
}

Dll operation events (10 events):
Event: 0.005 Loaded shared library C:\Program Files\Eclipse Adoptium\jdk-17.0.5.8-hotspot\bin\java.dll
Event: 0.012 Loaded shared library C:\Program Files\Eclipse Adoptium\jdk-17.0.5.8-hotspot\bin\jsvml.dll
Event: 0.041 Loaded shared library C:\Program Files\Eclipse Adoptium\jdk-17.0.5.8-hotspot\bin\jimage.dll
Event: 0.045 Loaded shared library C:\Program Files\Eclipse Adoptium\jdk-17.0.5.8-hotspot\bin\net.dll
Event: 0.046 Loaded shared library C:\Program Files\Eclipse Adoptium\jdk-17.0.5.8-hotspot\bin\nio.dll
Event: 0.048 Loaded shared library C:\Program Files\Eclipse Adoptium\jdk-17.0.5.8-hotspot\bin\zip.dll
Event: 0.060 Loaded shared library C:\Program Files\Eclipse Adoptium\jdk-17.0.5.8-hotspot\bin\awt.dll
Event: 0.417 Loaded shared library C:\Program Files\Eclipse Adoptium\jdk-17.0.5.8-hotspot\bin\freetype.dll
Event: 0.418 Loaded shared library C:\Program Files\Eclipse Adoptium\jdk-17.0.5.8-hotspot\bin\fontmanager.dll
Event: 2.529 Loaded shared library C:\Program Files\Eclipse Adoptium\jdk-17.0.5.8-hotspot\bin\jsound.dll

Deoptimization events (20 events):
Event: 8.929 Thread 0x000002138b7b8940 DEOPT PACKING pc=0x00000213eef9832c sp=0x000000fac6dff370
Event: 8.929 Thread 0x000002138b7b8940 DEOPT UNPACKING pc=0x00000213e74223a3 sp=0x000000fac6dff310 mode 2
Event: 10.396 Thread 0x000002138b7b8940 Uncommon trap: trap_request=0xffffff45 fr.pc=0x00000213eefa0210 relative=0x0000000000000850
Event: 10.396 Thread 0x000002138b7b8940 Uncommon trap: reason=unstable_if action=reinterpret pc=0x00000213eefa0210 method=main.CollisionChecker.checkTile(Lentity/Entity;)V @ 355 c2
Event: 10.396 Thread 0x000002138b7b8940 DEOPT PACKING pc=0x00000213eefa0210 sp=0x000000fac6dff310
Event: 10.396 Thread 0x000002138b7b8940 DEOPT UNPACKING pc=0x00000213e74223a3 sp=0x000000fac6dff270 mode 2
Event: 10.581 Thread 0x000002138b7b8940 DEOPT PACKING pc=0x00000213e7beaa35 sp=0x000000fac6dff300
Event: 10.581 Thread 0x000002138b7b8940 DEOPT UNPACKING pc=0x00000213e7422b43 sp=0x000000fac6dfe8f8 mode 0
Event: 12.262 Thread 0x000002138b7b8940 DEOPT PACKING pc=0x00000213e7bf1f46 sp=0x000000fac6dff420
Event: 12.262 Thread 0x000002138b7b8940 DEOPT UNPACKING pc=0x00000213e7422b43 sp=0x000000fac6dfe920 mode 0
Event: 15.716 Thread 0x000002138b7b8940 DEOPT PACKING pc=0x00000213e7c955c8 sp=0x000000fac6dfee00
Event: 15.716 Thread 0x000002138b7b8940 DEOPT UNPACKING pc=0x00000213e7422b43 sp=0x000000fac6dfe2e8 mode 0
Event: 19.496 Thread 0x000002138b7b8940 Uncommon trap: trap_request=0xffffff45 fr.pc=0x00000213eefb3074 relative=0x0000000000000234
Event: 19.496 Thread 0x000002138b7b8940 Uncommon trap: reason=unstable_if action=reinterpret pc=0x00000213eefb3074 method=main.EventHandler.hit(IIILjava/lang/String;)Z @ 189 c2
Event: 19.496 Thread 0x000002138b7b8940 DEOPT PACKING pc=0x00000213eefb3074 sp=0x000000fac6dff330
Event: 19.496 Thread 0x000002138b7b8940 DEOPT UNPACKING pc=0x00000213e74223a3 sp=0x000000fac6dff2d0 mode 2
Event: 19.514 Thread 0x000002138b7b8940 Uncommon trap: trap_request=0xffffff45 fr.pc=0x00000213eefbfb6c relative=0x00000000000009ec
Event: 19.514 Thread 0x000002138b7b8940 Uncommon trap: reason=unstable_if action=reinterpret pc=0x00000213eefbfb6c method=sun.java2d.SunGraphics2D.setComposite(Ljava/awt/Composite;)V @ 176 c2
Event: 19.514 Thread 0x000002138b7b8940 DEOPT PACKING pc=0x00000213eefbfb6c sp=0x000000fac6dff350
Event: 19.514 Thread 0x000002138b7b8940 DEOPT UNPACKING pc=0x00000213e74223a3 sp=0x000000fac6dff2f0 mode 2

Classes unloaded (0 events):
No events

Classes redefined (0 events):
No events

Internal exceptions (20 events):
Event: 0.054 Thread 0x00000213df8ee090 Exception <a 'java/lang/ClassNotFoundException'{0x0000000711db3ff0}: sun/awt/resources/spi/awtProvider> (0x0000000711db3ff0) 
thrown [s\src\hotspot\share\classfile\systemDictionary.cpp, line 256]
Event: 0.070 Thread 0x00000213df8ee090 Exception <a 'java/io/FileNotFoundException'{0x0000000711a0d628}> (0x0000000711a0d628) 
thrown [s\src\hotspot\share\prims\jni.cpp, line 516]
Event: 0.075 Thread 0x00000213df8ee090 Exception <a 'java/io/FileNotFoundException'{0x0000000711a3a5a8}> (0x0000000711a3a5a8) 
thrown [s\src\hotspot\share\prims\jni.cpp, line 516]
Event: 0.099 Thread 0x00000213df8ee090 Exception <a 'java/lang/NoSuchMethodError'{0x0000000711a7ac30}: 'java.lang.Object java.lang.invoke.DirectMethodHandle$Holder.invokeStaticInit(java.lang.Object)'> (0x0000000711a7ac30) 
thrown [s\src\hotspot\share\interpreter\linkResolver.cpp, line 759]
Event: 0.215 Thread 0x00000213df8ee090 Exception <a 'java/lang/NoSuchMethodError'{0x0000000711ac57e8}: 'void java.lang.invoke.DirectMethodHandle$Holder.invokeSpecial(java.lang.Object, java.lang.Object, java.lang.Object)'> (0x0000000711ac57e8) 
thrown [s\src\hotspot\share\interpreter\linkResolver.cpp, line 759]
Event: 0.219 Thread 0x00000213df8ee090 Exception <a 'java/lang/NoSuchMethodError'{0x0000000711b60460}: 'java.lang.Object java.lang.invoke.DirectMethodHandle$Holder.newInvokeSpecial(java.lang.Object, java.lang.Object, java.lang.Object, java.lang.Object, java.lang.Object)'> (0x0000000711b60460) 
thrown [s\src\hotspot\share\interpreter\linkResolver.cpp, line 759]
Event: 0.221 Thread 0x00000213df8ee090 Exception <a 'java/lang/NoSuchMethodError'{0x0000000711b6be28}: 'java.lang.Object java.lang.invoke.DirectMethodHandle$Holder.invokeStatic(java.lang.Object, int, java.lang.Object, java.lang.Object, java.lang.Object, java.lang.Object)'> (0x0000000711b6be28) 
thrown [s\src\hotspot\share\interpreter\linkResolver.cpp, line 759]
Event: 0.223 Thread 0x00000213df8ee090 Exception <a 'java/lang/NoSuchMethodError'{0x0000000711b915e8}: 'java.lang.Object java.lang.invoke.DirectMethodHandle$Holder.invokeStatic(java.lang.Object, int, java.lang.Object)'> (0x0000000711b915e8) 
thrown [s\src\hotspot\share\interpreter\linkResolver.cpp, line 759]
Event: 0.238 Thread 0x00000213df8ee090 Exception <a 'java/lang/ClassNotFoundException'{0x0000000711849cb0}: com/sun/swing/internal/plaf/metal/resources/spi/metalProvider> (0x0000000711849cb0) 
thrown [s\src\hotspot\share\classfile\systemDictionary.cpp, line 256]
Event: 0.239 Thread 0x00000213df8ee090 Exception <a 'java/lang/ClassNotFoundException'{0x000000071184e4a8}: com/sun/swing/internal/plaf/basic/resources/spi/basicProvider> (0x000000071184e4a8) 
thrown [s\src\hotspot\share\classfile\systemDictionary.cpp, line 256]
Event: 0.262 Thread 0x00000213df8ee090 Exception <a 'java/lang/NoSuchMethodError'{0x00000007118ea930}: 'java.lang.Object java.lang.invoke.DirectMethodHandle$Holder.invokeStaticInit(java.lang.Object, int, int, int, int)'> (0x00000007118ea930) 
thrown [s\src\hotspot\share\interpreter\linkResolver.cpp, line 759]
Event: 0.292 Thread 0x00000213df8ee090 Exception <a 'java/lang/NoSuchMethodError'{0x0000000711988f68}: 'java.lang.Object java.lang.invoke.DirectMethodHandle$Holder.invokeStaticInit(java.lang.Object, java.lang.Object, int, int, int, int)'> (0x0000000711988f68) 
thrown [s\src\hotspot\share\interpreter\linkResolver.cpp, line 759]
Event: 0.721 Thread 0x00000213df8ee090 Implicit null exception at 0x00000213eeef28f0 to 0x00000213eeef3e50
Event: 0.767 Thread 0x00000213df8ee090 Implicit null exception at 0x00000213eef07830 to 0x00000213eef08d24
Event: 0.814 Thread 0x00000213df8ee090 Implicit null exception at 0x00000213eef0d730 to 0x00000213eef0ebcc
Event: 0.861 Thread 0x00000213df8ee090 Implicit null exception at 0x00000213eef04480 to 0x00000213eef056a0
Event: 0.907 Thread 0x00000213df8ee090 Implicit null exception at 0x00000213eef0bdf0 to 0x00000213eef0c49c
Event: 0.948 Thread 0x0000021383084610 Exception <a 'java/lang/NoSuchMethodError'{0x000000071970a290}: 'void java.lang.invoke.DirectMethodHandle$Holder.invokeVirtual(java.lang.Object, java.lang.Object)'> (0x000000071970a290) 
thrown [s\src\hotspot\share\interpreter\linkResolver.cpp, line 759]
Event: 0.953 Thread 0x00000213df8ee090 Exception <a 'java/lang/NoSuchMethodError'{0x00000007196613f0}: 'void java.lang.invoke.DirectMethodHandle$Holder.invokeStaticInit(java.lang.Object)'> (0x00000007196613f0) 
thrown [s\src\hotspot\share\interpreter\linkResolver.cpp, line 759]
Event: 6.855 Thread 0x000002138b7b8940 Implicit null exception at 0x00000213eef33000 to 0x00000213eef33094

VM Operations (20 events):
Event: 20.729 Executing VM operation: Cleanup
Event: 20.729 Executing VM operation: Cleanup done
Event: 21.738 Executing VM operation: Cleanup
Event: 21.738 Executing VM operation: Cleanup done
Event: 25.768 Executing VM operation: Cleanup
Event: 25.768 Executing VM operation: Cleanup done
Event: 26.772 Executing VM operation: Cleanup
Event: 26.773 Executing VM operation: Cleanup done
Event: 27.778 Executing VM operation: Cleanup
Event: 27.779 Executing VM operation: Cleanup done
Event: 29.796 Executing VM operation: Cleanup
Event: 29.796 Executing VM operation: Cleanup done
Event: 35.836 Executing VM operation: Cleanup
Event: 35.836 Executing VM operation: Cleanup done
Event: 40.880 Executing VM operation: Cleanup
Event: 40.880 Executing VM operation: Cleanup done
Event: 47.926 Executing VM operation: Cleanup
Event: 47.926 Executing VM operation: Cleanup done
Event: 48.936 Executing VM operation: Cleanup
Event: 48.936 Executing VM operation: Cleanup done

Events (20 events):
Event: 16.500 Thread 0x00000213843a4950 Thread added: 0x00000213843a4950
Event: 16.517 Thread 0x00000213843a87e0 Thread added: 0x00000213843a87e0
Event: 16.534 Thread 0x00000213843a9180 Thread added: 0x00000213843a9180
Event: 16.551 Thread 0x00000213843a4480 Thread added: 0x00000213843a4480
Event: 20.319 Thread 0x00000213843a22d0 Thread added: 0x00000213843a22d0
Event: 22.518 Thread 0x00000213843a7970 Thread added: 0x00000213843a7970
Event: 49.806 Thread 0x00000213843a1e00 Thread added: 0x00000213843a1e00
Event: 49.807 Thread 0x00000213843a7e40 Thread added: 0x00000213843a7e40
Event: 49.807 Thread 0x00000213843a1930 Thread added: 0x00000213843a1930
Event: 49.807 Thread 0x00000213843a6fd0 Thread added: 0x00000213843a6fd0
Event: 49.807 Thread 0x00000213843a1e00 Thread exited: 0x00000213843a1e00
Event: 49.807 loading class sun/font/SunFontManager$8$1
Event: 49.807 loading class java/util/WeakHashMap$KeyIterator
Event: 49.807 loading class sun/font/SunFontManager$8$1 done
Event: 49.807 loading class java/util/WeakHashMap$HashIterator
Event: 49.807 loading class java/util/WeakHashMap$HashIterator done
Event: 49.807 loading class java/util/WeakHashMap$KeyIterator done
Event: 49.807 Thread 0x00000213843a1930 Thread exited: 0x00000213843a1930
Event: 49.807 Thread 0x000002138b6dd520 Thread exited: 0x000002138b6dd520
Event: 49.809 Thread 0x00000213843a7e40 Thread exited: 0x00000213843a7e40


Dynamic libraries:
0x00007ff765ab0000 - 0x00007ff765abe000 	C:\Program Files\Eclipse Adoptium\jdk-17.0.5.8-hotspot\bin\java.exe
0x00007ffe62190000 - 0x00007ffe623a9000 	C:\WINDOWS\SYSTEM32\ntdll.dll
0x00007ffe5edc0000 - 0x00007ffe5edd7000 	C:\Program Files\Avast Software\Avast\aswhook.dll
0x00007ffe60940000 - 0x00007ffe60a02000 	C:\WINDOWS\System32\KERNEL32.DLL
0x00007ffe5f630000 - 0x00007ffe5f9cc000 	C:\WINDOWS\System32\KERNELBASE.dll
0x00007ffe5f9d0000 - 0x00007ffe5faeb000 	C:\WINDOWS\System32\ucrtbase.dll
0x00007ffe5ae00000 - 0x00007ffe5ae17000 	C:\Program Files\Eclipse Adoptium\jdk-17.0.5.8-hotspot\bin\jli.dll
0x00007ffe61c70000 - 0x00007ffe61e1c000 	C:\WINDOWS\System32\USER32.dll
0x00007ffe5f600000 - 0x00007ffe5f626000 	C:\WINDOWS\System32\win32u.dll
0x00007ffe61070000 - 0x00007ffe61099000 	C:\WINDOWS\System32\GDI32.dll
0x00007ffe5fcc0000 - 0x00007ffe5fdd6000 	C:\WINDOWS\System32\gdi32full.dll
0x00007ffe5faf0000 - 0x00007ffe5fb8a000 	C:\WINDOWS\System32\msvcp_win.dll
0x00007ffe5ade0000 - 0x00007ffe5adf9000 	C:\Program Files\Eclipse Adoptium\jdk-17.0.5.8-hotspot\bin\VCRUNTIME140.dll
0x00007ffe5e870000 - 0x00007ffe5eb01000 	C:\WINDOWS\WinSxS\amd64_microsoft.windows.common-controls_6595b64144ccf1df_6.0.25227.1000_none_7b35d90bf2068bf3\COMCTL32.dll
0x00007ffe60fc0000 - 0x00007ffe61067000 	C:\WINDOWS\System32\msvcrt.dll
0x00007ffe61f70000 - 0x00007ffe61fa1000 	C:\WINDOWS\System32\IMM32.DLL
0x00007ffe58bd0000 - 0x00007ffe58bdc000 	C:\Program Files\Eclipse Adoptium\jdk-17.0.5.8-hotspot\bin\vcruntime140_1.dll
0x00007ffe42310000 - 0x00007ffe423a1000 	C:\Program Files\Eclipse Adoptium\jdk-17.0.5.8-hotspot\bin\msvcp140.dll
0x00007ffe16a10000 - 0x00007ffe17654000 	C:\Program Files\Eclipse Adoptium\jdk-17.0.5.8-hotspot\bin\server\jvm.dll
0x00007ffe61b30000 - 0x00007ffe61bde000 	C:\WINDOWS\System32\ADVAPI32.dll
0x00007ffe611e0000 - 0x00007ffe61286000 	C:\WINDOWS\System32\sechost.dll
0x00007ffe619a0000 - 0x00007ffe61ac7000 	C:\WINDOWS\System32\RPCRT4.dll
0x00007ffe55670000 - 0x00007ffe55679000 	C:\WINDOWS\SYSTEM32\WSOCK32.dll
0x00007ffe610a0000 - 0x00007ffe6110f000 	C:\WINDOWS\System32\WS2_32.dll
0x00007ffe56230000 - 0x00007ffe56265000 	C:\WINDOWS\SYSTEM32\WINMM.dll
0x00007ffe58bf0000 - 0x00007ffe58bfa000 	C:\WINDOWS\SYSTEM32\VERSION.dll
0x00007ffe5d5d0000 - 0x00007ffe5d5e8000 	C:\WINDOWS\SYSTEM32\kernel.appcore.dll
0x00007ffe4ba10000 - 0x00007ffe4ba1a000 	C:\Program Files\Eclipse Adoptium\jdk-17.0.5.8-hotspot\bin\jimage.dll
0x00007ffe5eea0000 - 0x00007ffe5f0d3000 	C:\WINDOWS\SYSTEM32\DBGHELP.DLL
0x00007ffe60c30000 - 0x00007ffe60fb2000 	C:\WINDOWS\System32\combase.dll
0x00007ffe612b0000 - 0x00007ffe61388000 	C:\WINDOWS\System32\OLEAUT32.dll
0x00007ffe5ed10000 - 0x00007ffe5ed42000 	C:\WINDOWS\SYSTEM32\dbgcore.DLL
0x00007ffe5f580000 - 0x00007ffe5f5f9000 	C:\WINDOWS\System32\bcryptPrimitives.dll
0x00007ffe42540000 - 0x00007ffe42565000 	C:\Program Files\Eclipse Adoptium\jdk-17.0.5.8-hotspot\bin\java.dll
0x00007ffe421b0000 - 0x00007ffe42286000 	C:\Program Files\Eclipse Adoptium\jdk-17.0.5.8-hotspot\bin\jsvml.dll
0x00007ffe5ff60000 - 0x00007ffe60730000 	C:\WINDOWS\System32\SHELL32.dll
0x00007ffe5c590000 - 0x00007ffe5ce2a000 	C:\WINDOWS\SYSTEM32\windows.storage.dll
0x00007ffe5c3f0000 - 0x00007ffe5c583000 	C:\WINDOWS\SYSTEM32\wintypes.dll
0x00007ffe61e20000 - 0x00007ffe61f0b000 	C:\WINDOWS\System32\SHCORE.dll
0x00007ffe61f10000 - 0x00007ffe61f6d000 	C:\WINDOWS\System32\shlwapi.dll
0x00007ffe5f4a0000 - 0x00007ffe5f4c1000 	C:\WINDOWS\SYSTEM32\profapi.dll
0x00007ffe42520000 - 0x00007ffe42539000 	C:\Program Files\Eclipse Adoptium\jdk-17.0.5.8-hotspot\bin\net.dll
0x00007ffe57c70000 - 0x00007ffe57d9b000 	C:\WINDOWS\SYSTEM32\WINHTTP.dll
0x00007ffe5e290000 - 0x00007ffe5e2f9000 	C:\WINDOWS\system32\mswsock.dll
0x00007ffe42500000 - 0x00007ffe42515000 	C:\Program Files\Eclipse Adoptium\jdk-17.0.5.8-hotspot\bin\nio.dll
0x00007ffe422f0000 - 0x00007ffe42308000 	C:\Program Files\Eclipse Adoptium\jdk-17.0.5.8-hotspot\bin\zip.dll
0x00007ffe42020000 - 0x00007ffe421ae000 	C:\Program Files\Eclipse Adoptium\jdk-17.0.5.8-hotspot\bin\awt.dll
0x00007ffe5ba00000 - 0x00007ffe5ba96000 	C:\WINDOWS\SYSTEM32\apphelp.dll
0x00007ffe5be60000 - 0x00007ffe5be8d000 	C:\WINDOWS\system32\DWMAPI.DLL
0x00007ffe5bbb0000 - 0x00007ffe5bc58000 	C:\WINDOWS\system32\uxtheme.dll
0x00007ffe39550000 - 0x00007ffe39656000 	C:\WINDOWS\system32\opengl32.dll
0x00007ffe422c0000 - 0x00007ffe422ed000 	C:\WINDOWS\SYSTEM32\GLU32.dll
0x00007ffe5bcf0000 - 0x00007ffe5bd26000 	C:\WINDOWS\SYSTEM32\dxcore.dll
0x00007ffe61850000 - 0x00007ffe61986000 	C:\WINDOWS\System32\MSCTF.dll
0x00007ffe61fb0000 - 0x00007ffe6214c000 	C:\WINDOWS\System32\ole32.dll
0x00007ffe5e630000 - 0x00007ffe5e642000 	C:\WINDOWS\SYSTEM32\msasn1.dll
0x00007ffe57660000 - 0x00007ffe57692000 	C:\WINDOWS\SYSTEM32\cryptnet.dll
0x00007ffe5fde0000 - 0x00007ffe5ff4f000 	C:\WINDOWS\System32\CRYPT32.dll
0x00007ffe574e0000 - 0x00007ffe57641000 	C:\WINDOWS\SYSTEM32\drvstore.dll
0x00007ffe5f230000 - 0x00007ffe5f25c000 	C:\WINDOWS\SYSTEM32\devobj.dll
0x00007ffe5f260000 - 0x00007ffe5f2ae000 	C:\WINDOWS\SYSTEM32\cfgmgr32.dll
0x00007ffe5e530000 - 0x00007ffe5e580000 	C:\WINDOWS\SYSTEM32\wldp.dll
0x00007ffe5e650000 - 0x00007ffe5e65c000 	C:\WINDOWS\SYSTEM32\cryptbase.dll
0x00007ffe5fc50000 - 0x00007ffe5fcbe000 	C:\WINDOWS\System32\WINTRUST.DLL
0x00007ffe61820000 - 0x00007ffe6183f000 	C:\WINDOWS\System32\imagehlp.dll
0x00007ffe5f1e0000 - 0x00007ffe5f1fb000 	C:\WINDOWS\SYSTEM32\CRYPTSP.dll
0x00007ffe5d530000 - 0x00007ffe5d564000 	C:\WINDOWS\system32\rsaenh.dll
0x00007ffe5ee20000 - 0x00007ffe5ee48000 	C:\WINDOWS\SYSTEM32\bcrypt.dll
0x00007ffe5e390000 - 0x00007ffe5e3b7000 	C:\WINDOWS\SYSTEM32\gpapi.dll
0x00007ffe5e5c0000 - 0x00007ffe5e5e8000 	C:\WINDOWS\SYSTEM32\USERENV.dll
0x00007ffe5d0d0000 - 0x00007ffe5d0fe000 	C:\WINDOWS\SYSTEM32\IPHLPAPI.DLL
0x00007ffe61990000 - 0x00007ffe61999000 	C:\WINDOWS\System32\NSI.dll
0x00007ffe57c50000 - 0x00007ffe57c69000 	C:\WINDOWS\SYSTEM32\dhcpcsvc6.DLL
0x00007ffe57c20000 - 0x00007ffe57c3f000 	C:\WINDOWS\SYSTEM32\dhcpcsvc.DLL
0x00007ffe5d160000 - 0x00007ffe5d25f000 	C:\WINDOWS\SYSTEM32\DNSAPI.dll
0x00007ffe1b390000 - 0x00007ffe1b416000 	C:\Program Files\Eclipse Adoptium\jdk-17.0.5.8-hotspot\bin\freetype.dll
0x00007ffe1b2c0000 - 0x00007ffe1b385000 	C:\Program Files\Eclipse Adoptium\jdk-17.0.5.8-hotspot\bin\fontmanager.dll
0x00007ffe4b3c0000 - 0x00007ffe4b4e5000 	C:\WINDOWS\SYSTEM32\textinputframework.dll
0x00007ffe5b360000 - 0x00007ffe5b496000 	C:\WINDOWS\SYSTEM32\CoreMessaging.dll
0x00007ffe562d0000 - 0x00007ffe5663d000 	C:\WINDOWS\SYSTEM32\CoreUIComponents.dll
0x00007ffe42000000 - 0x00007ffe42011000 	C:\Program Files\Eclipse Adoptium\jdk-17.0.5.8-hotspot\bin\jsound.dll
0x00007ffe1b210000 - 0x00007ffe1b2b2000 	C:\WINDOWS\SYSTEM32\DSOUND.dll
0x00007ffe192d0000 - 0x00007ffe19381000 	C:\WINDOWS\SYSTEM32\ResampleDmo.DLL
0x00007ffe5ee50000 - 0x00007ffe5ee9d000 	C:\WINDOWS\SYSTEM32\powrprof.dll
0x00007ffe3cf10000 - 0x00007ffe3cf39000 	C:\WINDOWS\SYSTEM32\winmmbase.dll
0x00007ffe422b0000 - 0x00007ffe422bb000 	C:\WINDOWS\SYSTEM32\msdmo.dll
0x00007ffe5eb50000 - 0x00007ffe5eb63000 	C:\WINDOWS\SYSTEM32\UMPDC.dll
0x00007ffe61120000 - 0x00007ffe611d0000 	C:\WINDOWS\System32\clbcatq.dll
0x00007ffe54700000 - 0x00007ffe5479d000 	C:\WINDOWS\System32\MMDevApi.dll
0x00007ffe39500000 - 0x00007ffe39546000 	C:\WINDOWS\SYSTEM32\wdmaud.drv
0x00007ffe41ff0000 - 0x00007ffe41ff9000 	C:\WINDOWS\SYSTEM32\ksuser.dll
0x00007ffe56a40000 - 0x00007ffe56a4b000 	C:\WINDOWS\SYSTEM32\AVRT.dll
0x00007ffe50f60000 - 0x00007ffe5112a000 	C:\WINDOWS\SYSTEM32\AUDIOSES.DLL
0x00007ffe413d0000 - 0x00007ffe413de000 	C:\WINDOWS\SYSTEM32\msacm32.drv
0x00007ffe394e0000 - 0x00007ffe394fe000 	C:\WINDOWS\SYSTEM32\MSACM32.dll
0x00007ffe3c510000 - 0x00007ffe3c51b000 	C:\WINDOWS\SYSTEM32\midimap.dll
0x00007ffe5c0b0000 - 0x00007ffe5c0c6000 	C:\WINDOWS\SYSTEM32\resourcepolicyclient.dll
0x00007ffe4b250000 - 0x00007ffe4b3bd000 	C:\Windows\System32\Windows.UI.dll

dbghelp: loaded successfully - version: 4.0.5 - missing functions: none
symbol engine: initialized successfully - sym options: 0x614 - pdb path: .;C:\Program Files\Eclipse Adoptium\jdk-17.0.5.8-hotspot\bin;C:\WINDOWS\SYSTEM32;C:\Program Files\Avast Software\Avast;C:\WINDOWS\WinSxS\amd64_microsoft.windows.common-controls_6595b64144ccf1df_6.0.25227.1000_none_7b35d90bf2068bf3;C:\Program Files\Eclipse Adoptium\jdk-17.0.5.8-hotspot\bin\server;C:\WINDOWS\System32\DriverStore\FileRepository\nv_dispig.inf_amd64_481953217694b318

VM Arguments:
jvm_args: -XX:+ShowCodeDetailsInExceptionMessages 
java_command: main.Main
java_class_path (initial): C:\Users\phare\AppData\Roaming\Code\User\workspaceStorage\e05f14b2b74b60a520b4d32178b78bb4\redhat.java\jdt_ws\Java2D_5232f919\bin;c:\Users\phare\Desktop\Java2D\lib\hamcrest-core-1.3.jar;c:\Users\phare\Desktop\Java2D\lib\junit-4.13.2.jar
Launcher Type: SUN_STANDARD

[Global flags]
     intx CICompilerCount                          = 4                                         {product} {ergonomic}
     uint ConcGCThreads                            = 3                                         {product} {ergonomic}
     uint G1ConcRefinementThreads                  = 10                                        {product} {ergonomic}
   size_t G1HeapRegionSize                         = 2097152                                   {product} {ergonomic}
    uintx GCDrainStackTargetSize                   = 64                                        {product} {ergonomic}
   size_t InitialHeapSize                          = 266338304                                 {product} {ergonomic}
   size_t MarkStackSize                            = 4194304                                   {product} {ergonomic}
   size_t MaxHeapSize                              = 4261412864                                {product} {ergonomic}
   size_t MaxNewSize                               = 2556428288                                {product} {ergonomic}
   size_t MinHeapDeltaBytes                        = 2097152                                   {product} {ergonomic}
   size_t MinHeapSize                              = 8388608                                   {product} {ergonomic}
    uintx NonNMethodCodeHeapSize                   = 5839372                                {pd product} {ergonomic}
    uintx NonProfiledCodeHeapSize                  = 122909434                              {pd product} {ergonomic}
    uintx ProfiledCodeHeapSize                     = 122909434                              {pd product} {ergonomic}
    uintx ReservedCodeCacheSize                    = 251658240                              {pd product} {ergonomic}
     bool SegmentedCodeCache                       = true                                      {product} {ergonomic}
     bool ShowCodeDetailsInExceptionMessages       = true                                   {manageable} {command line}
   size_t SoftMaxHeapSize                          = 4261412864                             {manageable} {ergonomic}
     bool UseCompressedClassPointers               = true                           {product lp64_product} {ergonomic}
     bool UseCompressedOops                        = true                           {product lp64_product} {ergonomic}
     bool UseG1GC                                  = true                                      {product} {ergonomic}
     bool UseLargePagesIndividualAllocation        = false                                  {pd product} {ergonomic}

Logging:
Log output configuration:
 #0: stdout all=warning uptime,level,tags
 #1: stderr all=off uptime,level,tags

Environment Variables:
PATH=C:\Program Files\Eclipse Adoptium\jdk-17.0.5.8-hotspot\bin;C:\Program Files\Microsoft\jdk-11.0.12.7-hotspot\bin;C:\Windows\system32;C:\Windows;C:\Windows\System32\Wbem;C:\Windows\System32\WindowsPowerShell\v1.0\;C:\Windows\System32\OpenSSH\;C:\Program Files (x86)\NVIDIA Corporation\PhysX\Common;C:\WINDOWS\system32;C:\WINDOWS;C:\WINDOWS\System32\Wbem;C:\WINDOWS\System32\WindowsPowerShell\v1.0\;C:\WINDOWS\System32\OpenSSH\;C:\Program Files\Microsoft SQL Server\150\Tools\Binn\;C:\Program Files\Microsoft SQL Server\Client SDK\ODBC\170\Tools\Binn\;C:\Program Files\dotnet\;C:\WINDOWS\system32;C:\WINDOWS;C:\WINDOWS\System32\Wbem;C:\WINDOWS\System32\WindowsPowerShell\v1.0\;C:\WINDOWS\System32\OpenSSH\;C:\Program Files\nodejs\;C:\Program Files\Git\cmd;C:\Users\phare\AppData\Local\Microsoft\WindowsApps;C:\Users\phare\AppData\Local\Programs\Microsoft VS Code\bin;C:\Users\phare\.dotnet\tools;C:\Users\phare\AppData\Roaming\npm;C:\Users\phare\AppData\Local\Programs\Git\bin;C:\Users\phare\AppData\Local\Programs\Git\cmd;C:\MinGW\bin;;C:\Program Files\JetBrains\IntelliJ IDEA Community Edition 2022.1.4\bin;;C:\Program Files\JetBrains\CLion 2022.1.3\bin;;C:\Program Files\JetBrains\WebStorm 2022.2\bin;;C:\Program Files\JetBrains\PyCharm Community Edition 2022.1.4\bin;
USERNAME=phare
LANG=fr_FR.UTF-8
OS=Windows_NT
PROCESSOR_IDENTIFIER=Intel64 Family 6 Model 165 Stepping 3, GenuineIntel
TMP=C:\Users\phare\AppData\Local\Temp
TEMP=C:\Users\phare\AppData\Local\Temp



---------------  S Y S T E M  ---------------

OS:
 Windows 11 , 64 bit Build 25227 (10.0.25227.1000)
OS uptime: 0 days 1:33 hours

CPU: total 12 (initial active 12) (6 cores per cpu, 2 threads per core) family 6 model 165 stepping 3 microcode 0xea, cx8, cmov, fxsr, ht, mmx, 3dnowpref, sse, sse2, sse3, ssse3, sse4.1, sse4.2, popcnt, lzcnt, tsc, tscinvbit, avx, avx2, aes, erms, clmul, bmi1, bmi2, adx, fma, vzeroupper, clflush, clflushopt

Memory: 4k page, system-wide physical 16253M (5342M free)
TotalPageFile size 32506M (AvailPageFile size 15026M)
current process WorkingSet (physical memory assigned to process): 472M, peak: 491M
current process commit charge ("private bytes"): 592M, peak: 608M

vm_info: OpenJDK 64-Bit Server VM (17.0.5+8) for windows-amd64 JRE (17.0.5+8), built on Oct 19 2022 04:48:13 by "temurin" with MS VC++ 16.7 (VS2019)

END.
